<?xml version="1.0" encoding="utf-8"?><testsuites name="pytest tests"><testsuite name="pytest" errors="0" failures="0" skipped="1" tests="332" time="68.834" timestamp="2026-09-15T01:56:36.316495+08:00" hostname="hope-desktop"><testcase classname="tests.test_boundary_edge_extend" name="test_edge_extend_recovers_clipped_head_and_tail" time="0.001" /><testcase classname="tests.test_boundary_edge_extend" name="test_zero_extend_keeps_legacy_behaviour" time="0.000" /><testcase classname="tests.test_boundary_edge_extend" name="test_edge_extend_is_bounded" time="0.000" /><testcase classname="tests.test_boundary_edge_extend" name="test_tail_refill_trims_faded_out_tail" time="0.000" /><testcase classname="tests.test_boundary_precision_fixes" name="test_strip_flicker_punctuation_removes_trailing_ellipsis" time="0.000" /><testcase classname="tests.test_boundary_precision_fixes" name="test_grouping_merges_ellipsis_flicker_frames" time="0.001" /><testcase classname="tests.test_boundary_precision_fixes" name="test_short_fade_in_group_absorbed_into_adjacent_group" time="0.000" /><testcase classname="tests.test_boundary_precision_fixes" name="test_dissimilar_short_group_still_dropped" time="0.000" /><testcase classname="tests.test_boundary_precision_fixes" name="test_same_row_split_boxes_merged_with_space" time="0.000" /><testcase classname="tests.test_boundary_precision_fixes" name="test_same_row_split_boxes_merged_without_space" time="0.000" /><testcase classname="tests.test_boundary_precision_fixes" name="test_same_row_small_gap_joined_with_space" time="0.000" /><testcase classname="tests.test_boundary_precision_fixes" name="test_scene_region_same_row_boxes_not_merged" time="0.000" /><testcase classname="tests.test_boundary_precision_fixes" name="test_band_junk_line_filtered_but_scene_kept" time="0.000" /><testcase classname="tests.test_boundary_precision_fixes" name="test_substring_merge_blocked_when_gap_too_large" time="0.000" /><testcase classname="tests.test_boundary_precision_fixes" name="test_substring_merge_still_works_for_contiguous_flicker" time="0.000" /><testcase classname="tests.test_boundary_precision_fixes" name="test_same_roi_event_endpoints_clamped" time="0.000" /><testcase classname="tests.test_boundary_precision_fixes" name="test_representative_lines_vote_restores_missing_second_line" time="0.000" /><testcase classname="tests.test_boundary_precision_fixes" name="test_representative_lines_vote_prefers_longer_reading" time="0.000" /><testcase classname="tests.test_boundary_refine" name="test_refine_extends_fade_in_and_fade_out_to_true_edges" time="0.000" /><testcase classname="tests.test_boundary_refine" name="test_refined_frames_keep_anchor_content_but_own_timestamps" time="0.000" /><testcase classname="tests.test_boundary_refine" name="test_refine_disabled_roi_is_untouched" time="0.000" /><testcase classname="tests.test_boundary_refine" name="test_refine_enabled_by_default_when_flag_missing" time="0.001" /><testcase classname="tests.test_boundary_refine" name="test_probe_blind_to_faint_frames_keeps_original_timing" time="0.000" /><testcase classname="tests.test_boundary_refine" name="test_walk_never_crosses_into_different_subtext" time="0.000" /><testcase classname="tests.test_boundary_refine" name="test_fade_in_anchor_not_hijacked_by_previous_subtitle" time="0.000" /><testcase classname="tests.test_boundary_refine" name="test_low_score_lines_are_treated_as_absent" time="0.000" /><testcase classname="tests.test_boundary_refine" name="test_ocr_text_present_respects_min_score" time="0.000" /><testcase classname="tests.test_boundary_refine" name="test_progress_callback_reports_monotonic_done_with_stable_total" time="0.000" /><testcase classname="tests.test_boundary_refine" name="test_parse_roi_index" time="0.000" /><testcase classname="tests.test_chunk_equivalence" name="test_chunk_parallel_equivalence" time="36.905" /><testcase classname="tests.test_chunk_merger" name="test_owner_record_wins_in_overlap" time="0.000" /><testcase classname="tests.test_chunk_merger" name="test_core_records_pass_through" time="0.000" /><testcase classname="tests.test_chunk_merger" name="test_output_sorted_by_frame_then_roi" time="0.000" /><testcase classname="tests.test_chunk_merger" name="test_multiple_rois_same_frame_all_kept" time="0.000" /><testcase classname="tests.test_chunk_merger" name="test_missing_owner_record_falls_back_to_neighbor" time="0.000" /><testcase classname="tests.test_chunk_merger" name="test_duplicate_within_one_stream_rejected" time="0.000" /><testcase classname="tests.test_chunk_merger" name="test_empty_streams_merge_to_empty" time="0.000" /><testcase classname="tests.test_chunk_merger" name="test_time_sec_preserved_from_chosen_record" time="0.000" /><testcase classname="tests.test_chunk_parallel_runner" name="test_happy_path_merges_records_and_progress_reaches_90" time="0.093" /><testcase classname="tests.test_chunk_parallel_runner" name="test_progress_weighting_two_equal_windows" time="0.066" /><testcase classname="tests.test_chunk_parallel_runner" name="test_error_retried_then_sequential_fallback" time="0.122" /><testcase classname="tests.test_chunk_parallel_runner" name="test_cancel_propagates_and_kills_children" time="20.104" /><testcase classname="tests.test_chunk_parallel_runner" name="test_max_workers_cap_in_planner" time="0.000" /><testcase classname="tests.test_chunk_planner" name="test_gpu_mode_returns_none" time="0.000" /><testcase classname="tests.test_chunk_planner" name="test_gpu_mode_overridden_by_explicit_max_workers" time="0.000" /><testcase classname="tests.test_chunk_planner" name="test_short_video_bypasses" time="0.000" /><testcase classname="tests.test_chunk_planner" name="test_single_core_bypasses" time="0.000" /><testcase classname="tests.test_chunk_planner" name="test_ram_too_small_for_two_engines_bypasses" time="0.000" /><testcase classname="tests.test_chunk_planner" name="test_invalid_fps_returns_none" time="0.000" /><testcase classname="tests.test_chunk_planner" name="test_tiny_frame_count_returns_none" time="0.000" /><testcase classname="tests.test_chunk_planner" name="test_ram_budget_caps_workers" time="0.000" /><testcase classname="tests.test_chunk_planner" name="test_window_count_caps_workers" time="0.000" /><testcase classname="tests.test_chunk_planner" name="test_core_count_caps_workers" time="0.000" /><testcase classname="tests.test_chunk_planner" name="test_core_windows_partition_timeline_exactly" time="0.000" /><testcase classname="tests.test_chunk_planner" name="test_work_windows_overlap_and_clamp" time="0.000" /><testcase classname="tests.test_chunk_planner" name="test_grab_start_has_one_second_preroll" time="0.000" /><testcase classname="tests.test_chunk_planner" name="test_overlap_can_exceed_neighbor_core_when_windows_are_thin" time="0.000" /><testcase classname="tests.test_chunk_planner" name="test_owner_window_by_core_range" time="0.000" /><testcase classname="tests.test_chunk_planner" name="test_owner_window_inside_overlap_belongs_to_core_owner" time="0.000" /><testcase classname="tests.test_chunk_planner" name="test_plan_is_picklable" time="0.000" /><testcase classname="tests.test_chunk_worker" name="test_roi_fully_inside_window_kept_unchanged" time="0.000" /><testcase classname="tests.test_chunk_worker" name="test_roi_spanning_window_clipped_to_work_range" time="0.000" /><testcase classname="tests.test_chunk_worker" name="test_roi_outside_window_dropped" time="0.000" /><testcase classname="tests.test_chunk_worker" name="test_roi_touching_window_edges_kept" time="0.000" /><testcase classname="tests.test_chunk_worker" name="test_time_based_roi_clipped_via_frame_keys" time="0.000" /><testcase classname="tests.test_chunk_worker" name="test_string_time_roi_clipped" time="0.000" /><testcase classname="tests.test_chunk_worker" name="test_non_dict_entries_skipped" time="0.000" /><testcase classname="tests.test_chunk_worker" name="test_static_payload_is_picklable" time="0.000" /><testcase classname="tests.test_chunk_worker" name="test_worker_emits_records_then_done" time="0.000" /><testcase classname="tests.test_chunk_worker" name="test_worker_batches_large_record_sets" time="0.001" /><testcase classname="tests.test_chunk_worker" name="test_worker_reports_cancelled" time="0.000" /><testcase classname="tests.test_chunk_worker" name="test_worker_reports_error_with_type" time="0.001" /><testcase classname="tests.test_chunk_worker" name="test_worker_with_no_intersecting_rois_done_immediately" time="0.000" /><testcase classname="tests.test_chunk_worker" name="test_worker_progress_relayed" time="0.000" /><testcase classname="tests.test_cli_scan_args" name="test_scan_defaults" time="0.001" /><testcase classname="tests.test_cli_scan_args" name="test_scan_custom_samples_and_watermark_keep" time="0.001" /><testcase classname="tests.test_cli_scan_args" name="test_scan_rejects_bad_sample_count" time="0.001" /><testcase classname="tests.test_cli_scan_args" name="test_roi_entries_are_keep_all_by_policy_default" time="0.000" /><testcase classname="tests.test_cli_workers" name="test_default_workers_is_auto" time="0.001" /><testcase classname="tests.test_cli_workers" name="test_workers_accepts_zero_and_positive" time="0.001" /><testcase classname="tests.test_cli_workers" name="test_workers_rejects_negative" time="0.001" /><testcase classname="tests.test_cli_workers" name="test_plan_workers_single_forces_none" time="0.001" /><testcase classname="tests.test_cli_workers" name="test_plan_workers_short_video_bypasses" time="0.001" /><testcase classname="tests.test_cli_workers" name="test_plan_workers_long_video_plans" time="0.001" /><testcase classname="tests.test_control_panel_quick_mode" name="test_main_button_present_and_enabled" time="0.051" /><testcase classname="tests.test_control_panel_quick_mode" name="test_advanced_and_llm_groups_collapsed_by_default" time="0.027" /><testcase classname="tests.test_control_panel_quick_mode" name="test_get_pipeline_options_keeps_all_fields" time="0.031" /><testcase classname="tests.test_control_panel_quick_mode" name="test_quick_mode_toggle_keeps_controls_and_values" time="0.030" /><testcase classname="tests.test_control_panel_quick_mode" name="test_quick_mode_keeps_roi_drawing_modes_visible" time="0.026" /><testcase classname="tests.test_control_panel_quick_mode" name="test_action_wording" time="0.030" /><testcase classname="tests.test_control_panel_quick_mode" name="test_secondary_actions_trigger_existing_signals" time="0.026" /><testcase classname="tests.test_control_panel_quick_mode" name="test_default_view_hides_implementation_terms" time="0.032" /><testcase classname="tests.test_control_panel_quick_mode" name="test_full_mode_still_exposes_advanced_controls" time="0.035" /><testcase classname="tests.test_control_panel_quick_mode" name="test_source_filter_combo_maps_to_existing_fields" time="0.027" /><testcase classname="tests.test_control_panel_quick_mode" name="test_source_filter_combo_reflects_manual_state" time="0.028" /><testcase classname="tests.test_control_panel_quick_mode" name="test_refresh_models_button_conditional" time="0.027" /><testcase classname="tests.test_control_panel_quick_mode" name="test_color_gate_preview_button_conditional" time="0.026" /><testcase classname="tests.test_control_panel_quick_mode" name="test_mode_switch_entry_buttons" time="0.026" /><testcase classname="tests.test_control_panel_quick_mode" name="test_pipeline_running_locks_and_restores_panel" time="0.028" /><testcase classname="tests.test_control_panel_quick_mode" name="test_pipeline_restore_reapplies_conditional_states" time="0.027" /><testcase classname="tests.test_control_panel_quick_mode" name="test_window_panel_busy_lock_roundtrip" time="0.015" /><testcase classname="tests.test_control_panel_quick_mode" name="test_default_options" time="0.025" /><testcase classname="tests.test_engine_manager" name="test_set_engine_saves_options" time="0.000" /><testcase classname="tests.test_engine_manager" name="test_set_engine_without_options_clears_options" time="0.000" /><testcase classname="tests.test_engine_manager" name="test_get_engine_initializes_with_saved_options" time="0.000" /><testcase classname="tests.test_engine_manager" name="test_get_engine_without_options_initializes_empty_kwargs" time="0.000" /><testcase classname="tests.test_engine_manager" name="test_repeated_set_engine_cleans_up_old_instance" time="0.000" /><testcase classname="tests.test_engine_manager" name="test_set_engine_same_id_and_options_keeps_instance" time="0.000" /><testcase classname="tests.test_engine_manager" name="test_set_engine_swallows_cleanup_errors" time="0.001" /><testcase classname="tests.test_engine_manager" name="test_get_engine_raises_when_no_engine_available" time="0.000" /><testcase classname="tests.test_engine_manager" name="test_get_engine_raises_for_unknown_engine_id" time="0.000" /><testcase classname="tests.test_engine_manager" name="test_build_standalone_engine_resolves_empty_id" time="0.000" /><testcase classname="tests.test_engine_manager" name="test_build_standalone_engine_resolves_auto_id" time="0.000" /><testcase classname="tests.test_engine_manager" name="test_build_standalone_engine_keeps_explicit_id" time="0.000" /><testcase classname="tests.test_engine_options_auto" name="test_auto_engine_applies_options_when_uninitialized" time="0.000" /><testcase classname="tests.test_engine_options_auto" name="test_auto_engine_keeps_live_engine_untouched" time="0.000" /><testcase classname="tests.test_engine_options_auto" name="test_concrete_engine_still_switches_with_options" time="0.000" /><testcase classname="tests.test_engine_paddle_selection" name="test_route_ch_auto_uses_v6_default" time="0.000" /><testcase classname="tests.test_engine_paddle_selection" name="test_route_en_tiny_uses_v6_tier_models" time="0.000" /><testcase classname="tests.test_engine_paddle_selection" name="test_route_japan_medium_uses_v6_medium_models" time="0.000" /><testcase classname="tests.test_engine_paddle_selection" name="test_route_ch_small_uses_v6_small_models" time="0.000" /><testcase classname="tests.test_engine_paddle_selection" name="test_route_korean_falls_back_to_v5_korean_rec" time="0.000" /><testcase classname="tests.test_engine_paddle_selection" name="test_route_russian_falls_back_to_cyrillic_rec" time="0.000" /><testcase classname="tests.test_engine_paddle_selection" name="test_route_arabic_falls_back_to_arabic_rec" time="0.000" /><testcase classname="tests.test_engine_paddle_selection" name="test_route_french_falls_back_to_v5_only" time="0.000" /><testcase classname="tests.test_engine_paddle_selection" name="test_route_none_lang_defaults_to_ch" time="0.000" /><testcase classname="tests.test_engine_paddle_selection" name="test_route_tier_is_case_insensitive" time="0.000" /><testcase classname="tests.test_engine_paddle_selection" name="test_get_engine_info_fields" time="0.000" /><testcase classname="tests.test_engine_paddle_selection" name="test_normalize_document_level_dict" time="0.000" /><testcase classname="tests.test_engine_paddle_selection" name="test_normalize_document_level_truncates_to_min_length" time="0.000" /><testcase classname="tests.test_engine_paddle_selection" name="test_normalize_empty_result" time="0.000" /><testcase classname="tests.test_engine_paddle_selection" name="test_normalize_line_level_legacy" time="0.000" /><testcase classname="tests.test_engine_paddle_selection" name="test_normalize_malformed_lines_are_skipped" time="0.000" /><testcase classname="tests.test_engine_rapid" name="test_predict_normalizes_v3_output" time="0.000" /><testcase classname="tests.test_engine_rapid" name="test_predict_txts_none_means_no_result" time="0.000" /><testcase classname="tests.test_engine_rapid" name="test_predict_scores_shorter_than_txts_defaults_score_1" time="0.000" /><testcase classname="tests.test_engine_rapid" name="test_predict_legacy_list_passthrough" time="0.000" /><testcase classname="tests.test_engine_rapid" name="test_to_triples_unrecognized_object_returns_empty" time="0.001" /><testcase classname="tests.test_engine_rapid" name="test_to_triples_missing_scores_returns_empty" time="0.000" /><testcase classname="tests.test_engine_rapid" name="test_normalize_filters_low_score_lines" time="0.000" /><testcase classname="tests.test_engine_rapid" name="test_normalize_score_threshold_boundary_kept" time="0.000" /><testcase classname="tests.test_engine_rapid" name="test_normalize_two_item_tuple_defaults_score_1" time="0.000" /><testcase classname="tests.test_engine_rapid" name="test_normalize_converts_numpy_box" time="0.000" /><testcase classname="tests.test_engine_rapid" name="test_normalize_malformed_items_skipped" time="0.000" /><testcase classname="tests.test_engine_rapid" name="test_normalize_two_element_row_with_non_box_is_graceful" time="0.000" /><testcase classname="tests.test_engine_rapid" name="test_normalize_empty" time="0.000" /><testcase classname="tests.test_engine_rapid" name="test_predict_before_initialize_raises" time="0.000" /><testcase classname="tests.test_fullframe_scanner" name="test_scan_classifies_band_watermark_scene" time="0.199" /><testcase classname="tests.test_fullframe_scanner" name="test_scan_with_snapshots_embeds_jpeg" time="0.157" /><testcase classname="tests.test_fullframe_scanner" name="test_scan_missing_video_returns_empty_report" time="0.002" /><testcase classname="tests.test_fullframe_scanner" name="test_band_cluster_tilted_hits_yield_poly_roi" time="0.000" /><testcase classname="tests.test_fullframe_scanner" name="test_band_cluster_axis_aligned_hits_keep_rect_roi" time="0.000" /><testcase classname="tests.test_i18n_language" name="test_resolve_locale[zh_CN-zh_CN]" time="0.000" /><testcase classname="tests.test_i18n_language" name="test_resolve_locale[zh_SG-zh_CN]" time="0.000" /><testcase classname="tests.test_i18n_language" name="test_resolve_locale[zh-zh_CN]" time="0.000" /><testcase classname="tests.test_i18n_language" name="test_resolve_locale[zh_TW-zh_TW]" time="0.000" /><testcase classname="tests.test_i18n_language" name="test_resolve_locale[zh_HK-zh_TW]" time="0.000" /><testcase classname="tests.test_i18n_language" name="test_resolve_locale[zh_MO-zh_TW]" time="0.000" /><testcase classname="tests.test_i18n_language" name="test_resolve_locale[ja_JP-ja_JP]" time="0.000" /><testcase classname="tests.test_i18n_language" name="test_resolve_locale[ja-ja_JP]" time="0.000" /><testcase classname="tests.test_i18n_language" name="test_resolve_locale[en-en]" time="0.000" /><testcase classname="tests.test_i18n_language" name="test_resolve_locale[en_US-en]" time="0.000" /><testcase classname="tests.test_i18n_language" name="test_resolve_locale[en_GB-en]" time="0.000" /><testcase classname="tests.test_i18n_language" name="test_resolve_locale[fr_FR-]" time="0.000" /><testcase classname="tests.test_i18n_language" name="test_resolve_locale[-]" time="0.000" /><testcase classname="tests.test_i18n_language" name="test_translated_qm_files_exist_and_load[zh_CN]" time="0.000" /><testcase classname="tests.test_i18n_language" name="test_translated_qm_files_exist_and_load[zh_TW]" time="0.000" /><testcase classname="tests.test_i18n_language" name="test_translated_qm_files_exist_and_load[en]" time="0.000" /><testcase classname="tests.test_i18n_language" name="test_translated_qm_files_exist_and_load[ja_JP]" time="0.000" /><testcase classname="tests.test_i18n_language" name="test_english_translation_content" time="0.000" /><testcase classname="tests.test_i18n_language" name="test_zh_tw_translation_content" time="0.000" /><testcase classname="tests.test_i18n_language" name="test_load_language_switches_and_restores" time="0.001" /><testcase classname="tests.test_i18n_language" name="test_startup_language_reads_settings" time="0.025" /><testcase classname="tests.test_i18n_language" name="test_language_combo_reflects_and_persists" time="0.043" /><testcase classname="tests.test_llm_client_backoff" name="test_retry_total_delay_bounded" time="0.000" /><testcase classname="tests.test_llm_client_backoff" name="test_retry_max_attempts_bounded" time="0.000" /><testcase classname="tests.test_llm_client_backoff" name="test_retry_stop_policy_combines_attempt_and_delay_limits" time="0.000" /><testcase classname="tests.test_llm_client_backoff" name="test_retry_only_retries_rate_limit_errors" time="0.000" /><testcase classname="tests.test_llm_fragment_merge_concurrency" name="test_groups_merged_in_order_with_concurrent_requests" time="0.682" /><testcase classname="tests.test_llm_fragment_merge_concurrency" name="test_cancel_returns_unmerged_events" time="0.501" /><testcase classname="tests.test_llm_polish_concurrency" name="test_concurrent_batches_overlap_and_apply_to_correct_indices" time="0.722" /><testcase classname="tests.test_llm_polish_concurrency" name="test_serial_mode_when_concurrency_is_one" time="0.612" /><testcase classname="tests.test_llm_polish_concurrency" name="test_single_batch_failure_keeps_its_originals_only" time="0.506" /><testcase classname="tests.test_llm_polish_concurrency" name="test_cancel_prevents_all_requests" time="0.501" /><testcase classname="tests.test_llm_polish_concurrency" name="test_progress_reports_are_monotonic" time="0.507" /><testcase classname="tests.test_llm_polish_concurrency" name="test_invalid_concurrency_falls_back_to_serial[0]" time="0.517" /><testcase classname="tests.test_llm_polish_concurrency" name="test_invalid_concurrency_falls_back_to_serial[-3]" time="0.518" /><testcase classname="tests.test_ocr_optimizer" name="test_grouping_reuses_cached_probe_results" time="0.005" /><testcase classname="tests.test_ocr_optimizer" name="test_sequence_voting_uses_single_predict_batch" time="0.001" /><testcase classname="tests.test_ocr_optimizer" name="test_save_ocr_json_uses_per_frame_path" time="0.006" /><testcase classname="tests.test_ocr_optimizer" name="test_batch_exception_falls_back_to_per_frame" time="0.002" /><testcase classname="tests.test_ocr_optimizer" name="test_batch_wrong_result_count_falls_back" time="0.001" /><testcase classname="tests.test_ocr_optimizer" name="test_frames_similar_single_char_diff_at_boundary" time="0.000" /><testcase classname="tests.test_ocr_optimizer" name="test_grayscale_downsample_enabled" time="0.001" /><testcase classname="tests.test_ocr_optimizer" name="test_grayscale_downsample_disabled" time="0.001" /><testcase classname="tests.test_ocr_optimizer" name="test_grayscale_never_upsamples" time="0.000" /><testcase classname="tests.test_ocr_optimizer" name="test_feature_cache_lru_eviction" time="0.000" /><testcase classname="tests.test_ocr_optimizer" name="test_motion_sentinel_skips_identical_frames" time="0.001" /><testcase classname="tests.test_ocr_optimizer" name="test_motion_sentinel_reuses_last_text_on_tiny_noise" time="0.030" /><testcase classname="tests.test_ocr_optimizer" name="test_cancelled_returns_empty_list" time="0.001" /><testcase classname="tests.test_ocr_optimizer" name="test_cleanup_clears_caches" time="0.000" /><testcase classname="tests.test_ocr_optimizer" name="test_batch_path_with_rapid_style_engine" time="0.004" /><testcase classname="tests.test_ocr_optimizer" name="test_batch_chunk_size_gpu_vs_cpu" time="0.000" /><testcase classname="tests.test_ocr_optimizer" name="test_batch_ocr_on_samples_chunks_pending" time="0.001" /><testcase classname="tests.test_ocr_optimizer" name="test_batch_ocr_on_samples_single_chunk_when_under_size" time="0.000" /><testcase classname="tests.test_pipeline_progress_dialog_dismiss_race" name="test_progress_slot_survives_reentrant_dismissal" time="0.011" /><testcase classname="tests.test_pipeline_refine_integration" name="test_boundary_refinement_on_real_video" time="0.181" /><testcase classname="tests.test_refine_executor" name="test_scan_boundary_jobs_finds_fades" time="0.125" /><testcase classname="tests.test_refine_executor" name="test_serial_two_pass_matches_legacy" time="0.315" /><testcase classname="tests.test_refine_executor" name="test_parallel_matches_legacy" time="0.227" /><testcase classname="tests.test_refine_executor" name="test_parallel_ground_windows_use_predict_batch" time="0.198" /><testcase classname="tests.test_refine_executor" name="test_single_job_falls_back_to_sequential_path" time="0.183" /><testcase classname="tests.test_refine_executor" name="test_auto_refine_workers_caps" time="0.000" /><testcase classname="tests.test_refine_executor" name="test_scan_respects_refine_disable" time="0.000" /><testcase classname="tests.test_refine_executor" name="test_clip_window_job_fields" time="0.000" /><testcase classname="tests.test_refine_executor" name="test_auto_refine_workers_gpu_caps_at_two" time="0.000" /><testcase classname="tests.test_regression_fixes" name="test_parse_time_fraction_digits[00:00:01.5-1.5]" time="0.000" /><testcase classname="tests.test_regression_fixes" name="test_parse_time_fraction_digits[00:00:01.05-1.05]" time="0.000" /><testcase classname="tests.test_regression_fixes" name="test_parse_time_fraction_digits[00:00:01.500-1.5]" time="0.000" /><testcase classname="tests.test_regression_fixes" name="test_parse_time_fraction_digits[01:05.5-65.5]" time="0.000" /><testcase classname="tests.test_regression_fixes" name="test_parse_time_fraction_digits[1.5-1.5]" time="0.000" /><testcase classname="tests.test_regression_fixes" name="test_parse_time_fraction_digits[00:01:00-60.0]" time="0.000" /><testcase classname="tests.test_regression_fixes" name="test_parse_time_invalid_raises" time="0.000" /><testcase classname="tests.test_regression_fixes" name="test_format_time_rounding_carry" time="0.000" /><testcase classname="tests.test_regression_fixes" name="test_format_parse_roundtrip" time="0.000" /><testcase classname="tests.test_regression_fixes" name="test_get_roi_frame_number_mmss_string" time="0.000" /><testcase classname="tests.test_regression_fixes" name="test_get_roi_frame_number_fraction_digits" time="0.000" /><testcase classname="tests.test_regression_fixes" name="test_get_roi_frame_number_frame_key_wins" time="0.000" /><testcase classname="tests.test_regression_fixes" name="test_get_engine_init_failure_does_not_poison_singleton" time="0.000" /><testcase classname="tests.test_regression_fixes" name="test_compute_multi_font_score_bgr_regions_nonzero" time="0.003" /><testcase classname="tests.test_regression_fixes" name="test_extract_motion_features_uses_real_sample_span" time="0.010" /><testcase classname="tests.test_regression_fixes" name="test_build_sample_frame_list_keeps_tail" time="0.000" /><testcase classname="tests.test_regression_fixes" name="test_polish_discards_unvalidated_output" time="0.001" /><testcase classname="tests.test_regression_fixes" name="test_polish_applies_validated_output" time="0.000" /><testcase classname="tests.test_regression_fixes" name="test_post_chat_forwards_timeout" time="0.000" /><testcase classname="tests.test_review_fixes" name="test_sanitize_ass_body_escapes_braces" time="0.000" /><testcase classname="tests.test_review_fixes" name="test_sanitize_ass_body_strips_real_line_breaks" time="0.000" /><testcase classname="tests.test_review_fixes" name="test_sanitize_ass_body_keeps_ass_line_breaks" time="0.000" /><testcase classname="tests.test_review_fixes" name="test_format_time_truncates_to_stay_inside_frame_boundary" time="0.000" /><testcase classname="tests.test_review_fixes" name="test_format_time_fps_zero_does_not_crash" time="0.000" /><testcase classname="tests.test_review_fixes" name="test_get_roi_offset_clamps_negative_rect_origin" time="0.000" /><testcase classname="tests.test_review_fixes" name="test_get_roi_offset_poly_clamps_to_frame" time="0.000" /><testcase classname="tests.test_review_fixes" name="test_llm_assist_dedups_same_text" time="0.000" /><testcase classname="tests.test_review_fixes" name="test_multiline_bottom_join_uses_hard_break" time="0.000" /><testcase classname="tests.test_roi_canvas_editing" name="test_rect_handle_points_cover_8_positions" time="0.000" /><testcase classname="tests.test_roi_canvas_editing" name="test_hit_rect_handle_within_radius" time="0.000" /><testcase classname="tests.test_roi_canvas_editing" name="test_hit_poly_vertex" time="0.000" /><testcase classname="tests.test_roi_canvas_editing" name="test_shape_contains_rect_and_poly" time="0.000" /><testcase classname="tests.test_roi_canvas_editing" name="test_clamp_move_delta_identity_inside_bounds" time="0.000" /><testcase classname="tests.test_roi_canvas_editing" name="test_rect_move_clamped_to_bounds" time="0.000" /><testcase classname="tests.test_roi_canvas_editing" name="test_poly_move_clamped_to_bounds" time="0.000" /><testcase classname="tests.test_roi_canvas_editing" name="test_rect_resize_left_edge_clamps_to_min_size" time="0.000" /><testcase classname="tests.test_roi_canvas_editing" name="test_rect_resize_left_edge_clamps_to_frame" time="0.000" /><testcase classname="tests.test_roi_canvas_editing" name="test_rect_resize_corner_moves_only_dragged_edges" time="0.000" /><testcase classname="tests.test_roi_canvas_editing" name="test_poly_vertex_move_clamped_and_input_untouched" time="0.000" /><testcase classname="tests.test_roi_pose_tags" name="test_compute_rect_pose_center_no_rotation" time="0.000" /><testcase classname="tests.test_roi_pose_tags" name="test_compute_poly_pose_falling_right_gives_negative_frz" time="0.000" /><testcase classname="tests.test_roi_pose_tags" name="test_compute_poly_pose_rising_right_gives_positive_frz" time="0.000" /><testcase classname="tests.test_roi_pose_tags" name="test_compute_poly_pose_invalid_points" time="0.000" /><testcase classname="tests.test_roi_pose_tags" name="test_pose_tags_written_for_bottom_subtitle" time="0.001" /><testcase classname="tests.test_roi_pose_tags" name="test_scene_lines_keep_own_pos_and_gain_rotation" time="0.001" /><testcase classname="tests.test_roi_pose_tags" name="test_no_pose_tags_when_disabled" time="0.001" /><testcase classname="tests.test_roi_pose_tags" name="test_parse_pos_from_tags_accepts_float_positions" time="0.000" /><testcase classname="tests.test_roi_pose_tags" name="test_scene_merge_preserves_rotation_tags" time="0.000" /><testcase classname="tests.test_secret_store" name="test_local_backend_roundtrip" time="0.015" /><testcase classname="tests.test_secret_store" name="test_stored_value_is_not_plaintext" time="0.021" /><testcase classname="tests.test_secret_store" name="test_master_key_file_permissions" time="0.021" /><testcase classname="tests.test_secret_store" name="test_tampered_ciphertext_is_rejected" time="0.032" /><testcase classname="tests.test_secret_store" name="test_delete_secret_removes_everything" time="0.032" /><testcase classname="tests.test_secret_store" name="test_save_empty_deletes" time="0.021" /><testcase classname="tests.test_secret_store" name="test_keyring_backend_preferred" time="0.001" /><testcase classname="tests.test_secret_store" name="test_keyring_failure_falls_back_to_local" time="0.012" /><testcase classname="tests.test_secret_store" name="test_save_and_load_llm_key_via_secret_store" time="0.043" /><testcase classname="tests.test_secret_store" name="test_legacy_plaintext_key_is_migrated_and_scrubbed" time="0.044" /><testcase classname="tests.test_secret_store" name="test_save_llm_scrubs_leftover_plaintext" time="0.054" /><testcase classname="tests.test_source_classifier_visual_gate" name="test_unmeasured_visual_layer_keeps_dialogue_overlay" time="0.001" /><testcase classname="tests.test_source_classifier_visual_gate" name="test_unmeasured_visual_layer_renormalizes_weights" time="0.000" /><testcase classname="tests.test_source_classifier_visual_gate" name="test_measured_visual_layer_still_penalizes_blur" time="0.000" /><testcase classname="tests.test_source_classifier_visual_gate" name="test_scene_bias_survives_visual_exclusion" time="0.000" /><testcase classname="tests.test_subtitle_roi_suggester" name="test_basic_clustering_and_roi_structure" time="0.198" /><testcase classname="tests.test_subtitle_roi_suggester" name="test_sample_indices_cover_first_and_last_frame" time="0.194" /><testcase classname="tests.test_subtitle_roi_suggester" name="test_sample_count_above_frame_count_clamps" time="1.005" /><testcase classname="tests.test_subtitle_roi_suggester" name="test_bottom_ratio_filters_top_lines" time="0.192" /><testcase classname="tests.test_subtitle_roi_suggester" name="test_min_text_score_filters_low_confidence_lines" time="0.190" /><testcase classname="tests.test_subtitle_roi_suggester" name="test_high_min_text_score_rejects_normal_subtitle" time="0.200" /><testcase classname="tests.test_subtitle_roi_suggester" name="test_gap_in_subtitles_splits_segments" time="0.196" /><testcase classname="tests.test_subtitle_roi_suggester" name="test_failed_ocr_frame_treated_as_no_subtitle" time="0.207" /><testcase classname="tests.test_subtitle_roi_suggester" name="test_progress_cb_called_per_sample_frame" time="0.196" /><testcase classname="tests.test_subtitle_roi_suggester" name="test_missing_video_returns_empty_list" time="0.002" /><testcase classname="tests.test_subtitle_roi_suggester" name="test_real_video_suggests_bottom_rois_matching_gt" time="0.000"><skipped type="pytest.skip" message="real OCR test">/home/hope/Tools/video_subtitle_ocr/video_subtitle_ocr/tests/test_subtitle_roi_suggester.py:350: real OCR test</skipped></testcase><testcase classname="tests.test_subtitle_roi_suggester" name="test_quad_of_line_prefers_poly_and_falls_back_to_bbox" time="0.000" /><testcase classname="tests.test_subtitle_roi_suggester" name="test_axis_aligned_cluster_returns_none" time="0.000" /><testcase classname="tests.test_subtitle_roi_suggester" name="test_small_tilt_within_threshold_returns_none" time="0.000" /><testcase classname="tests.test_subtitle_roi_suggester" name="test_tilted_cluster_returns_padded_rotated_poly" time="0.000" /><testcase classname="tests.test_subtitle_roi_suggester" name="test_segment_to_roi_entry_rect_for_axis_aligned_hits" time="0.000" /><testcase classname="tests.test_subtitle_roi_suggester" name="test_segment_to_roi_entry_poly_for_tilted_hits" time="0.000" /><testcase classname="tests.test_subtitle_roi_suggester" name="test_horizontal_lines_drift_positions_return_none" time="0.000" /><testcase classname="tests.test_subtitle_roi_suggester" name="test_tilt_minority_among_horizontal_returns_none" time="0.000" /><testcase classname="tests.test_subtitle_roi_suggester" name="test_inconsistent_tilt_directions_return_none" time="0.000" /><testcase classname="tests.test_subtitle_roi_suggester" name="test_majority_tilted_ignores_horizontal_outlier" time="0.000" /><testcase classname="tests.test_text_filter_policy" name="test_keep_all_roi_survives_aggressive_filter" time="0.002" /><testcase classname="tests.test_text_filter_policy" name="test_filter_disabled_keeps_everything" time="0.001" /><testcase classname="tests.test_text_filter_policy" name="test_unknown_roi_defaults_to_keep_all" time="0.000" /><testcase classname="tests.test_text_filter_policy" name="test_temporal_stats_fill_real_values" time="0.001" /><testcase classname="tests.test_text_filter_policy" name="test_watermark_filter_drops_lines_regardless_of_policy" time="0.000" /><testcase classname="tests.test_text_filter_policy" name="test_watermark_filter_removes_empty_frames" time="0.000" /><testcase classname="tests.test_vlm_refine" name="test_is_configured_requires_both_env_vars" time="0.000" /><testcase classname="tests.test_vlm_refine" name="test_refine_returns_parsed_list_and_builds_vision_request" time="0.000" /><testcase classname="tests.test_vlm_refine" name="test_refine_uses_model_env_override" time="0.000" /><testcase classname="tests.test_vlm_refine" name="test_refine_parses_json_code_fence" time="0.000" /><testcase classname="tests.test_vlm_refine" name="test_refine_repairs_broken_json_via_json_repair" time="0.000" /><testcase classname="tests.test_vlm_refine" name="test_refine_strips_whitespace_from_items" time="0.000" /><testcase classname="tests.test_vlm_refine" name="test_refine_empty_inputs_return_none_without_calling_llm" time="0.000" /><testcase classname="tests.test_vlm_refine" name="test_refine_garbage_response_returns_none" time="0.000" /><testcase classname="tests.test_vlm_refine" name="test_refine_length_mismatch_returns_none" time="0.000" /><testcase classname="tests.test_vlm_refine" name="test_refine_non_string_or_empty_items_return_none" time="0.000" /><testcase classname="tests.test_vlm_refine" name="test_refine_call_llm_exception_returns_none" time="0.001" /><testcase classname="tests.test_vlm_refine" name="test_refine_undecodable_image_returns_none" time="0.000" /><testcase classname="tests.test_vlm_refine" name="test_hard_frame_low_votes_triggers_refine_and_replaces_text" time="0.001" /><testcase classname="tests.test_vlm_refine" name="test_hard_frame_low_confidence_triggers_refine" time="0.005" /><testcase classname="tests.test_vlm_refine" name="test_confident_majority_frame_does_not_refine" time="0.004" /><testcase classname="tests.test_vlm_refine" name="test_refine_exception_does_not_break_main_flow" time="0.001" /><testcase classname="tests.test_vlm_refine" name="test_refine_none_result_keeps_voting_result" time="0.001" /><testcase classname="tests.test_vlm_refine" name="test_refine_not_called_when_not_configured" time="0.004" /><testcase classname="tests.test_vlm_refine" name="test_refine_not_called_when_explicitly_disabled" time="0.004" /><testcase classname="tests.test_watermark_filter" name="test_disabled_or_empty_config_returns_none" time="0.000" /><testcase classname="tests.test_watermark_filter" name="test_exact_text_match_drops_line" time="0.000" /><testcase classname="tests.test_watermark_filter" name="test_normalization_tolerates_spaces_and_case" time="0.000" /><testcase classname="tests.test_watermark_filter" name="test_substring_match_requires_min_length" time="0.000" /><testcase classname="tests.test_watermark_filter" name="test_normal_subtitle_text_survives" time="0.000" /><testcase classname="tests.test_watermark_filter" name="test_box_center_containment_drops_line" time="0.000" /><testcase classname="tests.test_watermark_filter" name="test_invalid_entries_are_ignored" time="0.000" /></testsuite></testsuites>