<?xml version="1.0" encoding="utf-8"?><testsuites name="pytest tests"><testsuite name="pytest" errors="0" failures="0" skipped="1" tests="667" time="63.094" timestamp="2026-09-17T03:36:07.953315+08:00" hostname="hope-desktop"><testcase classname="tests.test_boundary_edge_extend" name="test_edge_extend_recovers_clipped_head_and_tail" time="0.001" /><testcase classname="tests.test_boundary_edge_extend" name="test_zero_extend_keeps_legacy_behaviour" time="0.000" /><testcase classname="tests.test_boundary_edge_extend" name="test_edge_extend_is_bounded" time="0.000" /><testcase classname="tests.test_boundary_edge_extend" name="test_tail_refill_trims_faded_out_tail" time="0.000" /><testcase classname="tests.test_boundary_precision_fixes" name="test_strip_flicker_punctuation_removes_trailing_ellipsis" time="0.000" /><testcase classname="tests.test_boundary_precision_fixes" name="test_grouping_merges_ellipsis_flicker_frames" time="0.001" /><testcase classname="tests.test_boundary_precision_fixes" name="test_short_fade_in_group_absorbed_into_adjacent_group" time="0.000" /><testcase classname="tests.test_boundary_precision_fixes" name="test_dissimilar_short_group_still_dropped" time="0.000" /><testcase classname="tests.test_boundary_precision_fixes" name="test_same_row_split_boxes_merged_with_space" time="0.000" /><testcase classname="tests.test_boundary_precision_fixes" name="test_same_row_split_boxes_merged_without_space" time="0.000" /><testcase classname="tests.test_boundary_precision_fixes" name="test_same_row_small_gap_joined_with_space" time="0.000" /><testcase classname="tests.test_boundary_precision_fixes" name="test_scene_region_same_row_boxes_not_merged" time="0.000" /><testcase classname="tests.test_boundary_precision_fixes" name="test_band_junk_line_filtered_but_scene_kept" time="0.000" /><testcase classname="tests.test_boundary_precision_fixes" name="test_substring_merge_blocked_when_gap_too_large" time="0.000" /><testcase classname="tests.test_boundary_precision_fixes" name="test_substring_merge_still_works_for_contiguous_flicker" time="0.000" /><testcase classname="tests.test_boundary_precision_fixes" name="test_same_roi_event_endpoints_clamped" time="0.000" /><testcase classname="tests.test_boundary_precision_fixes" name="test_representative_lines_vote_restores_missing_second_line" time="0.000" /><testcase classname="tests.test_boundary_precision_fixes" name="test_representative_lines_vote_prefers_longer_reading" time="0.000" /><testcase classname="tests.test_boundary_refine" name="test_refine_extends_fade_in_and_fade_out_to_true_edges" time="0.001" /><testcase classname="tests.test_boundary_refine" name="test_refined_frames_keep_anchor_content_but_own_timestamps" time="0.000" /><testcase classname="tests.test_boundary_refine" name="test_refine_disabled_roi_is_untouched" time="0.000" /><testcase classname="tests.test_boundary_refine" name="test_refine_enabled_by_default_when_flag_missing" time="0.000" /><testcase classname="tests.test_boundary_refine" name="test_probe_blind_to_faint_frames_keeps_original_timing" time="0.000" /><testcase classname="tests.test_boundary_refine" name="test_walk_never_crosses_into_different_subtext" time="0.000" /><testcase classname="tests.test_boundary_refine" name="test_fade_in_anchor_not_hijacked_by_previous_subtitle" time="0.000" /><testcase classname="tests.test_boundary_refine" name="test_low_score_lines_are_treated_as_absent" time="0.000" /><testcase classname="tests.test_boundary_refine" name="test_ocr_text_present_respects_min_score" time="0.000" /><testcase classname="tests.test_boundary_refine" name="test_progress_callback_reports_monotonic_done_with_stable_total" time="0.000" /><testcase classname="tests.test_boundary_refine" name="test_parse_roi_index" time="0.000" /><testcase classname="tests.test_chunk_equivalence" name="test_chunk_parallel_equivalence" time="23.824" /><testcase classname="tests.test_chunk_merger" name="test_owner_record_wins_in_overlap" time="0.000" /><testcase classname="tests.test_chunk_merger" name="test_core_records_pass_through" time="0.000" /><testcase classname="tests.test_chunk_merger" name="test_output_sorted_by_frame_then_roi" time="0.000" /><testcase classname="tests.test_chunk_merger" name="test_multiple_rois_same_frame_all_kept" time="0.000" /><testcase classname="tests.test_chunk_merger" name="test_missing_owner_record_falls_back_to_neighbor" time="0.000" /><testcase classname="tests.test_chunk_merger" name="test_duplicate_within_one_stream_rejected" time="0.000" /><testcase classname="tests.test_chunk_merger" name="test_empty_streams_merge_to_empty" time="0.000" /><testcase classname="tests.test_chunk_merger" name="test_time_sec_preserved_from_chosen_record" time="0.000" /><testcase classname="tests.test_chunk_parallel_runner" name="test_happy_path_merges_records_and_progress_reaches_90" time="0.097" /><testcase classname="tests.test_chunk_parallel_runner" name="test_progress_weighting_two_equal_windows" time="0.096" /><testcase classname="tests.test_chunk_parallel_runner" name="test_error_retried_then_sequential_fallback" time="0.158" /><testcase classname="tests.test_chunk_parallel_runner" name="test_cancel_propagates_and_kills_children" time="20.130" /><testcase classname="tests.test_chunk_parallel_runner" name="test_max_workers_cap_in_planner" time="0.000" /><testcase classname="tests.test_chunk_planner" name="test_gpu_mode_returns_none" time="0.000" /><testcase classname="tests.test_chunk_planner" name="test_gpu_mode_overridden_by_explicit_max_workers" time="0.000" /><testcase classname="tests.test_chunk_planner" name="test_short_video_bypasses" time="0.000" /><testcase classname="tests.test_chunk_planner" name="test_single_core_bypasses" time="0.000" /><testcase classname="tests.test_chunk_planner" name="test_ram_too_small_for_two_engines_bypasses" time="0.000" /><testcase classname="tests.test_chunk_planner" name="test_invalid_fps_returns_none" time="0.000" /><testcase classname="tests.test_chunk_planner" name="test_tiny_frame_count_returns_none" time="0.000" /><testcase classname="tests.test_chunk_planner" name="test_ram_budget_caps_workers" time="0.000" /><testcase classname="tests.test_chunk_planner" name="test_window_count_caps_workers" time="0.000" /><testcase classname="tests.test_chunk_planner" name="test_core_count_caps_workers" time="0.000" /><testcase classname="tests.test_chunk_planner" name="test_core_windows_partition_timeline_exactly" time="0.000" /><testcase classname="tests.test_chunk_planner" name="test_work_windows_overlap_and_clamp" time="0.000" /><testcase classname="tests.test_chunk_planner" name="test_grab_start_has_one_second_preroll" time="0.000" /><testcase classname="tests.test_chunk_planner" name="test_overlap_can_exceed_neighbor_core_when_windows_are_thin" time="0.000" /><testcase classname="tests.test_chunk_planner" name="test_owner_window_by_core_range" time="0.000" /><testcase classname="tests.test_chunk_planner" name="test_owner_window_inside_overlap_belongs_to_core_owner" time="0.000" /><testcase classname="tests.test_chunk_planner" name="test_plan_is_picklable" time="0.000" /><testcase classname="tests.test_chunk_worker" name="test_roi_fully_inside_window_kept_unchanged" time="0.000" /><testcase classname="tests.test_chunk_worker" name="test_roi_spanning_window_clipped_to_work_range" time="0.000" /><testcase classname="tests.test_chunk_worker" name="test_roi_outside_window_dropped" time="0.000" /><testcase classname="tests.test_chunk_worker" name="test_roi_touching_window_edges_kept" time="0.000" /><testcase classname="tests.test_chunk_worker" name="test_time_based_roi_clipped_via_frame_keys" time="0.000" /><testcase classname="tests.test_chunk_worker" name="test_string_time_roi_clipped" time="0.000" /><testcase classname="tests.test_chunk_worker" name="test_non_dict_entries_skipped" time="0.000" /><testcase classname="tests.test_chunk_worker" name="test_static_payload_is_picklable" time="0.000" /><testcase classname="tests.test_chunk_worker" name="test_worker_emits_records_then_done" time="0.001" /><testcase classname="tests.test_chunk_worker" name="test_worker_batches_large_record_sets" time="0.001" /><testcase classname="tests.test_chunk_worker" name="test_worker_reports_cancelled" time="0.000" /><testcase classname="tests.test_chunk_worker" name="test_worker_reports_error_with_type" time="0.001" /><testcase classname="tests.test_chunk_worker" name="test_worker_with_no_intersecting_rois_done_immediately" time="0.000" /><testcase classname="tests.test_chunk_worker" name="test_worker_progress_relayed" time="0.000" /><testcase classname="tests.test_cli_scan_args" name="test_scan_defaults" time="0.001" /><testcase classname="tests.test_cli_scan_args" name="test_scan_custom_samples_and_watermark_keep" time="0.001" /><testcase classname="tests.test_cli_scan_args" name="test_scan_rejects_bad_sample_count" time="0.001" /><testcase classname="tests.test_cli_scan_args" name="test_roi_entries_are_keep_all_by_policy_default" time="0.001" /><testcase classname="tests.test_cli_workers" name="test_default_workers_is_auto" time="0.000" /><testcase classname="tests.test_cli_workers" name="test_workers_accepts_zero_and_positive" time="0.001" /><testcase classname="tests.test_cli_workers" name="test_workers_rejects_negative" time="0.001" /><testcase classname="tests.test_cli_workers" name="test_plan_workers_single_forces_none" time="0.001" /><testcase classname="tests.test_cli_workers" name="test_plan_workers_short_video_bypasses" time="0.001" /><testcase classname="tests.test_cli_workers" name="test_plan_workers_long_video_plans" time="0.001" /><testcase classname="tests.test_control_panel_quick_mode" name="test_main_button_present_and_enabled" time="0.046" /><testcase classname="tests.test_control_panel_quick_mode" name="test_advanced_and_llm_groups_collapsed_by_default" time="0.030" /><testcase classname="tests.test_control_panel_quick_mode" name="test_get_pipeline_options_keeps_all_fields" time="0.029" /><testcase classname="tests.test_control_panel_quick_mode" name="test_quick_mode_toggle_keeps_controls_and_values" time="0.211" /><testcase classname="tests.test_control_panel_quick_mode" name="test_quick_mode_keeps_roi_drawing_modes_visible" time="0.040" /><testcase classname="tests.test_control_panel_quick_mode" name="test_action_wording" time="0.030" /><testcase classname="tests.test_control_panel_quick_mode" name="test_secondary_actions_trigger_existing_signals" time="0.029" /><testcase classname="tests.test_control_panel_quick_mode" name="test_default_view_hides_implementation_terms" time="0.032" /><testcase classname="tests.test_control_panel_quick_mode" name="test_full_mode_still_exposes_advanced_controls" time="0.029" /><testcase classname="tests.test_control_panel_quick_mode" name="test_source_filter_combo_maps_to_existing_fields" time="0.029" /><testcase classname="tests.test_control_panel_quick_mode" name="test_source_filter_combo_reflects_manual_state" time="0.027" /><testcase classname="tests.test_control_panel_quick_mode" name="test_refresh_models_button_conditional" time="0.040" /><testcase classname="tests.test_control_panel_quick_mode" name="test_color_gate_preview_button_conditional" time="0.027" /><testcase classname="tests.test_control_panel_quick_mode" name="test_mode_switch_entry_buttons" time="0.030" /><testcase classname="tests.test_control_panel_quick_mode" name="test_pipeline_running_locks_and_restores_panel" time="0.030" /><testcase classname="tests.test_control_panel_quick_mode" name="test_pipeline_restore_reapplies_conditional_states" time="0.028" /><testcase classname="tests.test_control_panel_quick_mode" name="test_window_panel_busy_lock_roundtrip" time="0.014" /><testcase classname="tests.test_control_panel_quick_mode" name="test_default_options" time="0.027" /><testcase classname="tests.test_engine_manager" name="test_set_engine_saves_options" time="0.000" /><testcase classname="tests.test_engine_manager" name="test_set_engine_without_options_clears_options" time="0.000" /><testcase classname="tests.test_engine_manager" name="test_get_engine_initializes_with_saved_options" time="0.000" /><testcase classname="tests.test_engine_manager" name="test_get_engine_without_options_initializes_empty_kwargs" time="0.000" /><testcase classname="tests.test_engine_manager" name="test_repeated_set_engine_cleans_up_old_instance" time="0.000" /><testcase classname="tests.test_engine_manager" name="test_set_engine_same_id_and_options_keeps_instance" time="0.000" /><testcase classname="tests.test_engine_manager" name="test_set_engine_swallows_cleanup_errors" time="0.000" /><testcase classname="tests.test_engine_manager" name="test_get_engine_raises_when_no_engine_available" time="0.000" /><testcase classname="tests.test_engine_manager" name="test_get_engine_raises_for_unknown_engine_id" time="0.000" /><testcase classname="tests.test_engine_manager" name="test_build_standalone_engine_resolves_empty_id" time="0.000" /><testcase classname="tests.test_engine_manager" name="test_build_standalone_engine_resolves_auto_id" time="0.000" /><testcase classname="tests.test_engine_manager" name="test_build_standalone_engine_keeps_explicit_id" time="0.000" /><testcase classname="tests.test_engine_manager" name="test_manager_rebuilds_engine_after_external_cleanup" time="0.000" /><testcase classname="tests.test_engine_manager" name="test_set_engine_idempotence_does_not_preserve_dead_instance" time="0.000" /><testcase classname="tests.test_engine_manager" name="test_singleton_engine_survives_standalone_cleanup" time="0.000" /><testcase classname="tests.test_engine_options_auto" name="test_auto_engine_applies_options_when_uninitialized" time="0.000" /><testcase classname="tests.test_engine_options_auto" name="test_auto_engine_keeps_live_engine_untouched" time="0.000" /><testcase classname="tests.test_engine_options_auto" name="test_concrete_engine_still_switches_with_options" time="0.000" /><testcase classname="tests.test_engine_paddle_selection" name="test_route_ch_auto_uses_v6_default" time="0.000" /><testcase classname="tests.test_engine_paddle_selection" name="test_route_en_tiny_uses_v6_tier_models" time="0.000" /><testcase classname="tests.test_engine_paddle_selection" name="test_route_japan_medium_uses_v6_medium_models" time="0.000" /><testcase classname="tests.test_engine_paddle_selection" name="test_route_ch_small_uses_v6_small_models" time="0.000" /><testcase classname="tests.test_engine_paddle_selection" name="test_route_korean_falls_back_to_v5_korean_rec" time="0.000" /><testcase classname="tests.test_engine_paddle_selection" name="test_route_russian_falls_back_to_cyrillic_rec" time="0.000" /><testcase classname="tests.test_engine_paddle_selection" name="test_route_arabic_falls_back_to_arabic_rec" time="0.000" /><testcase classname="tests.test_engine_paddle_selection" name="test_route_french_falls_back_to_v5_only" time="0.000" /><testcase classname="tests.test_engine_paddle_selection" name="test_route_none_lang_defaults_to_ch" time="0.000" /><testcase classname="tests.test_engine_paddle_selection" name="test_route_tier_is_case_insensitive" time="0.000" /><testcase classname="tests.test_engine_paddle_selection" name="test_get_engine_info_fields" time="0.000" /><testcase classname="tests.test_engine_paddle_selection" name="test_normalize_document_level_dict" time="0.000" /><testcase classname="tests.test_engine_paddle_selection" name="test_normalize_document_level_truncates_to_min_length" time="0.000" /><testcase classname="tests.test_engine_paddle_selection" name="test_normalize_empty_result" time="0.000" /><testcase classname="tests.test_engine_paddle_selection" name="test_normalize_line_level_legacy" time="0.000" /><testcase classname="tests.test_engine_paddle_selection" name="test_normalize_malformed_lines_are_skipped" time="0.000" /><testcase classname="tests.test_engine_rapid" name="test_predict_normalizes_v3_output" time="0.000" /><testcase classname="tests.test_engine_rapid" name="test_predict_txts_none_means_no_result" time="0.000" /><testcase classname="tests.test_engine_rapid" name="test_predict_scores_shorter_than_txts_defaults_score_1" time="0.000" /><testcase classname="tests.test_engine_rapid" name="test_predict_legacy_list_passthrough" time="0.000" /><testcase classname="tests.test_engine_rapid" name="test_to_triples_unrecognized_object_returns_empty" time="0.000" /><testcase classname="tests.test_engine_rapid" name="test_to_triples_missing_scores_returns_empty" time="0.000" /><testcase classname="tests.test_engine_rapid" name="test_normalize_filters_low_score_lines" time="0.000" /><testcase classname="tests.test_engine_rapid" name="test_normalize_score_threshold_boundary_kept" time="0.000" /><testcase classname="tests.test_engine_rapid" name="test_normalize_two_item_tuple_defaults_score_1" time="0.000" /><testcase classname="tests.test_engine_rapid" name="test_normalize_converts_numpy_box" time="0.000" /><testcase classname="tests.test_engine_rapid" name="test_normalize_malformed_items_skipped" time="0.000" /><testcase classname="tests.test_engine_rapid" name="test_normalize_two_element_row_with_non_box_is_graceful" time="0.000" /><testcase classname="tests.test_engine_rapid" name="test_normalize_empty" time="0.000" /><testcase classname="tests.test_engine_rapid" name="test_predict_before_initialize_raises" time="0.000" /><testcase classname="tests.test_fullframe_scanner" name="test_scan_classifies_band_watermark_scene" time="0.175" /><testcase classname="tests.test_fullframe_scanner" name="test_scan_with_snapshots_embeds_jpeg" time="0.138" /><testcase classname="tests.test_fullframe_scanner" name="test_scan_missing_video_returns_empty_report" time="0.001" /><testcase classname="tests.test_fullframe_scanner" name="test_band_cluster_tilted_hits_yield_poly_roi" time="0.000" /><testcase classname="tests.test_fullframe_scanner" name="test_band_cluster_axis_aligned_hits_keep_rect_roi" time="0.000" /><testcase classname="tests.test_i18n_language" name="test_resolve_locale[zh_CN-zh_CN]" time="0.000" /><testcase classname="tests.test_i18n_language" name="test_resolve_locale[zh_SG-zh_CN]" time="0.000" /><testcase classname="tests.test_i18n_language" name="test_resolve_locale[zh-zh_CN]" time="0.000" /><testcase classname="tests.test_i18n_language" name="test_resolve_locale[zh_TW-zh_TW]" time="0.000" /><testcase classname="tests.test_i18n_language" name="test_resolve_locale[zh_HK-zh_TW]" time="0.000" /><testcase classname="tests.test_i18n_language" name="test_resolve_locale[zh_MO-zh_TW]" time="0.000" /><testcase classname="tests.test_i18n_language" name="test_resolve_locale[ja_JP-ja_JP]" time="0.000" /><testcase classname="tests.test_i18n_language" name="test_resolve_locale[ja-ja_JP]" time="0.000" /><testcase classname="tests.test_i18n_language" name="test_resolve_locale[en-en]" time="0.000" /><testcase classname="tests.test_i18n_language" name="test_resolve_locale[en_US-en]" time="0.000" /><testcase classname="tests.test_i18n_language" name="test_resolve_locale[en_GB-en]" time="0.000" /><testcase classname="tests.test_i18n_language" name="test_resolve_locale[fr_FR-]" time="0.000" /><testcase classname="tests.test_i18n_language" name="test_resolve_locale[-]" time="0.000" /><testcase classname="tests.test_i18n_language" name="test_translated_qm_files_exist_and_load[zh_CN]" time="0.000" /><testcase classname="tests.test_i18n_language" name="test_translated_qm_files_exist_and_load[zh_TW]" time="0.000" /><testcase classname="tests.test_i18n_language" name="test_translated_qm_files_exist_and_load[en]" time="0.000" /><testcase classname="tests.test_i18n_language" name="test_translated_qm_files_exist_and_load[ja_JP]" time="0.000" /><testcase classname="tests.test_i18n_language" name="test_english_translation_content" time="0.000" /><testcase classname="tests.test_i18n_language" name="test_zh_tw_translation_content" time="0.000" /><testcase classname="tests.test_i18n_language" name="test_load_language_switches_and_restores" time="0.001" /><testcase classname="tests.test_i18n_language" name="test_startup_language_reads_settings" time="0.027" /><testcase classname="tests.test_i18n_language" name="test_language_combo_reflects_and_persists" time="0.051" /><testcase classname="tests.test_keyframe_selector" name="test_prefers_sharp_frames_over_blurred" time="0.026" /><testcase classname="tests.test_keyframe_selector" name="test_lost_frames_never_selected" time="0.014" /><testcase classname="tests.test_keyframe_selector" name="test_k_exceeding_ok_count_returns_all_by_score_desc" time="0.013" /><testcase classname="tests.test_keyframe_selector" name="test_min_gap_sec_respected" time="0.020" /><testcase classname="tests.test_keyframe_selector" name="test_score_tie_prefers_earlier_frame" time="0.011" /><testcase classname="tests.test_keyframe_selector" name="test_no_ok_frames_returns_empty" time="0.003" /><testcase classname="tests.test_keyframe_selector" name="test_unopenable_video_raises_runtimeerror" time="0.000" /><testcase classname="tests.test_keyframe_selector" name="test_plane_size_derivation_from_quad" time="0.000" /><testcase classname="tests.test_llm_api_error_degradation" name="test_llm_api_error_is_recoverable_runtime_error" time="0.000" /><testcase classname="tests.test_llm_api_error_degradation" name="test_call_llm_wraps_openai_connection_error" time="0.000" /><testcase classname="tests.test_llm_api_error_degradation" name="test_call_llm_wraps_retry_exhaustion" time="0.000" /><testcase classname="tests.test_llm_api_error_degradation" name="test_fragment_merge_degrades_on_llm_api_error" time="0.001" /><testcase classname="tests.test_llm_api_error_degradation" name="test_strategy_review_degrades_on_llm_api_error" time="0.000" /><testcase classname="tests.test_llm_api_error_degradation" name="test_classify_text_source_degrades_on_llm_api_error" time="0.000" /><testcase classname="tests.test_llm_api_error_degradation" name="test_polish_one_batch_degrades_on_llm_api_error" time="0.000" /><testcase classname="tests.test_llm_api_error_degradation" name="test_polish_concurrent_path_degrades_on_llm_api_error" time="0.003" /><testcase classname="tests.test_llm_api_error_degradation" name="test_fetch_models_retries_429_then_succeeds" time="0.009" /><testcase classname="tests.test_llm_api_error_degradation" name="test_fetch_models_429_exhaustion_returns_recoverable_error" time="0.009" /><testcase classname="tests.test_llm_api_error_degradation" name="test_fetch_models_non_429_fails_fast" time="0.009" /><testcase classname="tests.test_llm_api_error_degradation" name="test_fetch_models_retry_bounds_documented" time="0.000" /><testcase classname="tests.test_llm_client_backoff" name="test_retry_total_delay_bounded" time="0.000" /><testcase classname="tests.test_llm_client_backoff" name="test_retry_max_attempts_bounded" time="0.000" /><testcase classname="tests.test_llm_client_backoff" name="test_retry_stop_policy_combines_attempt_and_delay_limits" time="0.000" /><testcase classname="tests.test_llm_client_backoff" name="test_retry_only_retries_rate_limit_errors" time="0.000" /><testcase classname="tests.test_llm_fragment_merge_concurrency" name="test_groups_merged_in_order_with_concurrent_requests" time="0.688" /><testcase classname="tests.test_llm_fragment_merge_concurrency" name="test_cancel_returns_unmerged_events" time="0.501" /><testcase classname="tests.test_llm_polish_concurrency" name="test_concurrent_batches_overlap_and_apply_to_correct_indices" time="0.718" /><testcase classname="tests.test_llm_polish_concurrency" name="test_serial_mode_when_concurrency_is_one" time="0.609" /><testcase classname="tests.test_llm_polish_concurrency" name="test_single_batch_failure_keeps_its_originals_only" time="0.505" /><testcase classname="tests.test_llm_polish_concurrency" name="test_cancel_prevents_all_requests" time="0.501" /><testcase classname="tests.test_llm_polish_concurrency" name="test_progress_reports_are_monotonic" time="0.509" /><testcase classname="tests.test_llm_polish_concurrency" name="test_invalid_concurrency_falls_back_to_serial[0]" time="0.516" /><testcase classname="tests.test_llm_polish_concurrency" name="test_invalid_concurrency_falls_back_to_serial[-3]" time="0.516" /><testcase classname="tests.test_motion_ass.TestHomographyBetween" name="test_roundtrip_identity" time="0.001" /><testcase classname="tests.test_motion_ass.TestHomographyBetween" name="test_chain_semantics" time="0.000" /><testcase classname="tests.test_motion_ass.TestHomographyBetween" name="test_lost_or_missing_raises_keyerror" time="0.000" /><testcase classname="tests.test_motion_ass.TestFormatAssTime" name="test_format[0.0-0:00:00.00]" time="0.000" /><testcase classname="tests.test_motion_ass.TestFormatAssTime" name="test_format[0.04-0:00:00.04]" time="0.000" /><testcase classname="tests.test_motion_ass.TestFormatAssTime" name="test_format[59.99-0:00:59.99]" time="0.000" /><testcase classname="tests.test_motion_ass.TestFormatAssTime" name="test_format[3599.99-0:59:59.99]" time="0.000" /><testcase classname="tests.test_motion_ass.TestFormatAssTime" name="test_format[3661.5-1:01:01.50]" time="0.000" /><testcase classname="tests.test_motion_ass.TestFormatAssTime" name="test_negative_clamped" time="0.000" /><testcase classname="tests.test_motion_ass.TestBuildLineTracks" name="test_translation_center_scale_angle" time="0.001" /><testcase classname="tests.test_motion_ass.TestBuildLineTracks" name="test_rotation_angle_increasing" time="0.001" /><testcase classname="tests.test_motion_ass.TestBuildLineTracks" name="test_lost_frames_have_no_pose" time="0.000" /><testcase classname="tests.test_motion_ass.TestBuildLineTracks" name="test_lost_ref_frame_reanchored_to_nearest_ok" time="0.000" /><testcase classname="tests.test_motion_ass.TestBuildLineTracks" name="test_line_track_dataclass_shape" time="0.000" /><testcase classname="tests.test_motion_ass.TestSmoothLineTrack" name="test_linear_trend_preserved" time="0.003" /><testcase classname="tests.test_motion_ass.TestSmoothLineTrack" name="test_jitter_attenuated" time="0.002" /><testcase classname="tests.test_motion_ass.TestSmoothLineTrack" name="test_window_too_small_noop" time="0.000" /><testcase classname="tests.test_motion_ass.TestSmoothLineTrack" name="test_lost_gap_skipped" time="0.001" /><testcase classname="tests.test_motion_ass.TestSimplifyAndSegment" name="test_l_shape_two_segments" time="0.000" /><testcase classname="tests.test_motion_ass.TestSimplifyAndSegment" name="test_min_seg_enforced_on_spike" time="0.000" /><testcase classname="tests.test_motion_ass.TestSimplifyAndSegment" name="test_empty_track" time="0.000" /><testcase classname="tests.test_motion_ass.TestSynthesizeSingleStraight" name="test_single_move_event" time="0.001" /><testcase classname="tests.test_motion_ass.TestSynthesizeArcMultiSegment" name="test_arc_two_or_more_segments" time="0.003" /><testcase classname="tests.test_motion_ass.TestSynthesizeRotationTTag" name="test_linear_rotation_adds_frz_and_t" time="0.002" /><testcase classname="tests.test_motion_ass.TestSynthesizeScaleFscxTag" name="test_linear_zoom_adds_fscx_and_t" time="0.002" /><testcase classname="tests.test_motion_ass.TestSynthesizeDenseFallback" name="test_jitter_triggers_pos_fallback" time="0.001" /><testcase classname="tests.test_motion_ass.TestSynthesizeLostSplit" name="test_mid_lost_splits_into_two_chains" time="0.001" /><testcase classname="tests.test_motion_ass.TestSynthesizeLostSplit" name="test_short_lost_held_when_configured" time="0.001" /><testcase classname="tests.test_motion_ass.TestSynthesizeMisc" name="test_no_poses_no_events" time="0.000" /><testcase classname="tests.test_motion_ass.TestSynthesizeMisc" name="test_all_lost_ref_raises" time="0.000" /><testcase classname="tests.test_motion_ass.TestSynthesizeMisc" name="test_events_ordered_within_line" time="0.004" /><testcase classname="tests.test_motion_ass.TestSimplifyLumaCurve" name="test_collinear_ramp_collapses_to_endpoints" time="0.000" /><testcase classname="tests.test_motion_ass.TestSimplifyLumaCurve" name="test_corners_kept_and_flat_runs_collapsed" time="0.000" /><testcase classname="tests.test_motion_ass.TestSimplifyLumaCurve" name="test_tolerance_in_luma_levels" time="0.000" /><testcase classname="tests.test_motion_ass.TestSimplifyLumaCurve" name="test_short_curves_passthrough" time="0.000" /><testcase classname="tests.test_motion_ass.TestBrightnessTagChain" name="test_faithful_following_dark" time="0.000" /><testcase classname="tests.test_motion_ass.TestBrightnessTagChain" name="test_faithful_following_bright_base" time="0.000" /><testcase classname="tests.test_motion_ass.TestBrightnessTagChain" name="test_flat_or_empty_curve_returns_empty" time="0.000" /><testcase classname="tests.test_motion_ass.TestBrightnessTagChain" name="test_variation_outside_span_returns_empty" time="0.000" /><testcase classname="tests.test_motion_ass.TestBrightnessTagChain" name="test_real_curve_chain_and_touching_endpoints" time="0.000" /><testcase classname="tests.test_motion_ass.TestBrightnessTagChain" name="test_event_span_clipped_to_middle" time="0.000" /><testcase classname="tests.test_motion_ass.TestBrightnessTagChain" name="test_sub_millisecond_intersection_dropped" time="0.000" /><testcase classname="tests.test_motion_ass.TestBrightnessTagChain" name="test_use_color_use_alpha_switches" time="0.000" /><testcase classname="tests.test_motion_ass.TestPunctCompensation" name="test_offset_quarter_line_height_capped" time="0.000" /><testcase classname="tests.test_motion_ass.TestPunctCompensation" name="test_no_trailing_punct_zero" time="0.000" /><testcase classname="tests.test_motion_ass.TestPunctCompensation" name="test_disabled_or_bad_input_zero" time="0.000" /><testcase classname="tests.test_motion_ass.TestPunctCompensation" name="test_cap_scales_with_video_height" time="0.000" /><testcase classname="tests.test_motion_ass.TestPunctCompensation" name="test_synthesize_shifts_move_endpoints" time="0.001" /><testcase classname="tests.test_motion_ass.TestPunctCompensation" name="test_synthesize_disabled_matches_plain" time="0.001" /><testcase classname="tests.test_motion_ass.TestPunctCompensation" name="test_dense_pos_fallback_shifts" time="0.002" /><testcase classname="tests.test_motion_ass.TestPunctCompensation" name="test_events_carry_line_idx" time="0.001" /><testcase classname="tests.test_motion_ass_cli.TestQuadInput" name="test_parse_quad_spec" time="0.000" /><testcase classname="tests.test_motion_ass_cli.TestQuadInput" name="test_parse_quad_spec_rejects_wrong_count" time="0.000" /><testcase classname="tests.test_motion_ass_cli.TestQuadInput" name="test_load_quad_file_dict_and_bare_list" time="0.001" /><testcase classname="tests.test_motion_ass_cli.TestQuadInput" name="test_validate_accepts_clockwise" time="0.000" /><testcase classname="tests.test_motion_ass_cli.TestQuadInput" name="test_validate_rejects_counter_clockwise" time="0.000" /><testcase classname="tests.test_motion_ass_cli.TestQuadInput" name="test_validate_rejects_bad_geometry" time="0.000" /><testcase classname="tests.test_motion_ass_cli" name="test_end_to_end_quad_file_writes_motion_ass" time="0.090" /><testcase classname="tests.test_motion_ass_cli" name="test_end_to_end_quad_string_with_start_frame" time="0.050" /><testcase classname="tests.test_motion_ass_cli" name="test_counter_clockwise_quad_rejected" time="0.008" /><testcase classname="tests.test_motion_ass_cli" name="test_invalid_config_key_rejected" time="0.001" /><testcase classname="tests.test_motion_ass_cli" name="test_no_text_lines_exits_nonzero" time="0.030" /><testcase classname="tests.test_motion_ass_cli" name="test_auto_brightness_appends_independent_override_block" time="0.150" /><testcase classname="tests.test_motion_ass_cli" name="test_auto_brightness_flat_curve_skips_silently" time="0.038" /><testcase classname="tests.test_motion_ass_cli" name="test_auto_brightness_no_ok_frames_skips" time="0.038" /><testcase classname="tests.test_motion_ass_cli" name="test_auto_brightness_use_color_off_via_config" time="0.041" /><testcase classname="tests.test_motion_ass_cli" name="test_auto_brightness_per_line_uses_line_curves" time="0.087" /><testcase classname="tests.test_motion_ass_cli" name="test_occlusion_clip_end_to_end" time="0.149" /><testcase classname="tests.test_motion_ass_cli" name="test_default_overlap_output_identical" time="0.150" /><testcase classname="tests.test_motion_ass_cli" name="test_policy_config_keys_validated" time="0.040" /><testcase classname="tests.test_motion_ass_cli" name="test_mask_policy_end_to_end" time="0.088" /><testcase classname="tests.test_motion_ass_cli" name="test_external_policy_end_to_end" time="0.047" /><testcase classname="tests.test_motion_ass_cli" name="test_whitespace_policy_places_text_in_band" time="0.060" /><testcase classname="tests.test_motion_ass_cli" name="test_whitespace_without_band_falls_back_to_mask" time="0.084" /><testcase classname="tests.test_motion_ass_cli" name="test_full_fallback_chain_whitespace_mask_external" time="0.046" /><testcase classname="tests.test_motion_ass_cli" name="test_default_ocr_fn_falls_back_when_engine_unavailable" time="0.000" /><testcase classname="tests.test_motion_ass_cli" name="test_default_ocr_fn_keeps_available_engine" time="0.000" /><testcase classname="tests.test_motion_detector.TestDetectMovingText" name="test_moving_detected_and_static_ignored" time="0.026" /><testcase classname="tests.test_motion_detector.TestDetectMovingText" name="test_region_crop_scopes_detection" time="0.031" /><testcase classname="tests.test_motion_detector.TestDetectMovingText" name="test_threshold_filters_stationary" time="0.025" /><testcase classname="tests.test_motion_detector.TestDetectMovingText" name="test_min_samples_filters_sparse" time="0.026" /><testcase classname="tests.test_motion_detector.TestDetectMovingText" name="test_start_end_frame_window" time="0.029" /><testcase classname="tests.test_motion_detector.TestDetectMovingText" name="test_unopenable_video_raises" time="0.000" /><testcase classname="tests.test_motion_detector.TestCliMotionAuto" name="test_auto_runs_trajectory_and_suppresses_static" time="1.244" /><testcase classname="tests.test_motion_detector.TestCliMotionAuto" name="test_auto_without_detection_continues" time="0.998" /><testcase classname="tests.test_motion_integration.TestNormalizeQuadWinding" name="test_counter_clockwise_is_reversed" time="0.000" /><testcase classname="tests.test_motion_integration.TestNormalizeQuadWinding" name="test_clockwise_kept_and_input_not_mutated" time="0.000" /><testcase classname="tests.test_motion_integration.TestNormalizeQuadWinding" name="test_non_four_points_returned_unchanged" time="0.000" /><testcase classname="tests.test_motion_integration.TestParseMotionQuadSpec" name="test_plain_quad" time="0.000" /><testcase classname="tests.test_motion_integration.TestParseMotionQuadSpec" name="test_closed_time_range" time="0.000" /><testcase classname="tests.test_motion_integration.TestParseMotionQuadSpec" name="test_open_ranges" time="0.000" /><testcase classname="tests.test_motion_integration.TestParseMotionQuadSpec" name="test_invalid_range_rejected" time="0.000" /><testcase classname="tests.test_motion_integration.TestParseMotionQuadSpec" name="test_bad_geometry_rejected" time="0.000" /><testcase classname="tests.test_motion_integration.TestCollectMotionRoiSpecs" name="test_quad_poly_with_pose_selected" time="0.000" /><testcase classname="tests.test_motion_integration.TestCollectMotionRoiSpecs" name="test_rect_with_pose_expanded_to_quad" time="0.000" /><testcase classname="tests.test_motion_integration.TestCollectMotionRoiSpecs" name="test_closed_poly_dedupes_closure_click" time="0.000" /><testcase classname="tests.test_motion_integration.TestCollectMotionRoiSpecs" name="test_overcomplete_poly_reduced_by_min_area_rect" time="0.000" /><testcase classname="tests.test_motion_integration.TestCollectMotionRoiSpecs" name="test_static_cases_excluded" time="0.000" /><testcase classname="tests.test_motion_integration.TestCollectMotionRoiSpecs" name="test_malformed_points_skipped" time="0.000" /><testcase classname="tests.test_motion_integration.TestGeneratorMotionEvents" name="test_motion_events_written_with_name_and_layer" time="0.001" /><testcase classname="tests.test_motion_integration.TestGeneratorMotionEvents" name="test_motion_roi_ids_suppress_static_events" time="0.001" /><testcase classname="tests.test_motion_integration.TestGeneratorMotionEvents" name="test_static_events_survive_for_other_rois" time="0.001" /><testcase classname="tests.test_motion_integration.TestGeneratorMotionEvents" name="test_notebox_style_added_when_motion_event_uses_it" time="0.000" /><testcase classname="tests.test_motion_integration.TestGeneratorMotionEvents" name="test_default_header_unchanged_without_motion" time="0.001" /><testcase classname="tests.test_motion_integration.TestWorkerMotionStage" name="test_no_motion_rois_is_noop" time="0.001" /><testcase classname="tests.test_motion_integration.TestWorkerMotionStage" name="test_success_collects_events_and_suppression" time="0.000" /><testcase classname="tests.test_motion_integration.TestWorkerMotionStage" name="test_auto_detect_runs_when_enabled_and_no_manual_specs" time="0.000" /><testcase classname="tests.test_motion_integration.TestWorkerMotionStage" name="test_auto_detect_disabled_keeps_noop" time="0.000" /><testcase classname="tests.test_motion_integration.TestWorkerMotionStage" name="test_failure_falls_back_without_raising" time="0.001" /><testcase classname="tests.test_motion_integration.TestCliMotionQuad" name="test_motion_quad_merges_trajectory_events" time="0.673" /><testcase classname="tests.test_motion_integration.TestCliMotionQuad" name="test_counter_clockwise_quad_auto_corrected" time="0.484" /><testcase classname="tests.test_motion_integration.TestCliMotionQuad" name="test_degenerate_quad_degrades_gracefully" time="0.409" /><testcase classname="tests.test_motion_integration.TestCliMotionQuad" name="test_motion_quad_file" time="0.680" /><testcase classname="tests.test_motion_integration.TestCliMotionQuad" name="test_bad_motion_quad_spec_exit_code_2" time="0.440" /><testcase classname="tests.test_motion_integration.TestGuiBrightnessCheckbox" name="test_defaults_and_pose_binding" time="0.001" /><testcase classname="tests.test_motion_integration.TestGuiBrightnessCheckbox" name="test_backfill_from_roi" time="0.001" /><testcase classname="tests.test_motion_integration.TestGuiBrightnessCheckbox" name="test_roi_entry_assembly_carries_motion_brightness" time="0.001" /><testcase classname="tests.test_motion_integration.TestGuiBrightnessCheckbox" name="test_occlusion_checkbox_defaults_and_pose_binding" time="0.001" /><testcase classname="tests.test_motion_integration.TestGuiBrightnessCheckbox" name="test_occlusion_checkbox_backfill_and_assembly" time="0.002" /><testcase classname="tests.test_motion_integration.TestLoadRoiFile" name="test_gui_wrapper_format" time="0.000" /><testcase classname="tests.test_motion_integration.TestLoadRoiFile" name="test_bare_list_format" time="0.002" /><testcase classname="tests.test_motion_integration.TestLoadRoiFile" name="test_malformed_rejected" time="0.003" /><testcase classname="tests.test_motion_integration.TestLoadRoiFile" name="test_missing_file_raises_oserror" time="0.000" /><testcase classname="tests.test_motion_integration.TestLoadRoiFile" name="test_loaded_pose_poly_yields_motion_spec" time="0.000" /><testcase classname="tests.test_occlusion_mask.TestDetectOcclusionPolygons" name="test_occluder_region_detected" time="0.001" /><testcase classname="tests.test_occlusion_mask.TestDetectOcclusionPolygons" name="test_no_occluder_returns_empty" time="0.000" /><testcase classname="tests.test_occlusion_mask.TestDetectOcclusionPolygons" name="test_anchor_size_mismatch_defensive" time="0.000" /><testcase classname="tests.test_occlusion_mask.TestDetectOcclusionPolygons" name="test_global_dimming_is_not_occlusion" time="0.001" /><testcase classname="tests.test_occlusion_mask.TestDetectOcclusionPolygons" name="test_partial_dim_plus_occluder_still_detected" time="0.000" /><testcase classname="tests.test_occlusion_mask.TestDetectOcclusionPolygons" name="test_coverage_gate_filters_whole_plane_change" time="0.001" /><testcase classname="tests.test_occlusion_mask.TestCollectOcclusions" name="test_only_occluded_frames_reported" time="0.009" /><testcase classname="tests.test_occlusion_mask.TestCollectOcclusions" name="test_unopenable_video_raises" time="0.000" /><testcase classname="tests.test_occlusion_mask.TestAttachOcclusionClips" name="test_no_occlusions_returns_identical" time="0.000" /><testcase classname="tests.test_occlusion_mask.TestAttachOcclusionClips" name="test_single_hit_static_clip" time="0.000" /><testcase classname="tests.test_occlusion_mask.TestAttachOcclusionClips" name="test_multi_hit_animated_clip" time="0.001" /><testcase classname="tests.test_occlusion_mask.TestAttachOcclusionClips" name="test_occlusion_outside_line_box_ignored" time="0.000" /><testcase classname="tests.test_occlusion_mask.TestAttachOcclusionClips" name="test_count_mismatch_falls_back_to_static_union" time="0.000" /><testcase classname="tests.test_occlusion_mask.TestAttachOcclusionClips" name="test_events_without_line_idx_untouched" time="0.000" /><testcase classname="tests.test_ocr_optimizer" name="test_grouping_reuses_cached_probe_results" time="0.003" /><testcase classname="tests.test_ocr_optimizer" name="test_sequence_voting_uses_single_predict_batch" time="0.000" /><testcase classname="tests.test_ocr_optimizer" name="test_save_ocr_json_uses_per_frame_path" time="0.004" /><testcase classname="tests.test_ocr_optimizer" name="test_batch_exception_falls_back_to_per_frame" time="0.001" /><testcase classname="tests.test_ocr_optimizer" name="test_batch_wrong_result_count_falls_back" time="0.001" /><testcase classname="tests.test_ocr_optimizer" name="test_frames_similar_single_char_diff_at_boundary" time="0.000" /><testcase classname="tests.test_ocr_optimizer" name="test_grayscale_downsample_enabled" time="0.001" /><testcase classname="tests.test_ocr_optimizer" name="test_grayscale_downsample_disabled" time="0.000" /><testcase classname="tests.test_ocr_optimizer" name="test_grayscale_never_upsamples" time="0.000" /><testcase classname="tests.test_ocr_optimizer" name="test_feature_cache_lru_eviction" time="0.000" /><testcase classname="tests.test_ocr_optimizer" name="test_motion_sentinel_skips_identical_frames" time="0.000" /><testcase classname="tests.test_ocr_optimizer" name="test_motion_sentinel_reuses_last_text_on_tiny_noise" time="0.018" /><testcase classname="tests.test_ocr_optimizer" name="test_cancelled_returns_empty_list" time="0.000" /><testcase classname="tests.test_ocr_optimizer" name="test_cleanup_clears_caches" time="0.000" /><testcase classname="tests.test_ocr_optimizer" name="test_batch_path_with_rapid_style_engine" time="0.003" /><testcase classname="tests.test_ocr_optimizer" name="test_batch_chunk_size_gpu_vs_cpu" time="0.000" /><testcase classname="tests.test_ocr_optimizer" name="test_batch_ocr_on_samples_chunks_pending" time="0.000" /><testcase classname="tests.test_ocr_optimizer" name="test_batch_ocr_on_samples_single_chunk_when_under_size" time="0.000" /><testcase classname="tests.test_pipeline_progress_dialog_dismiss_race" name="test_progress_slot_survives_reentrant_dismissal" time="0.005" /><testcase classname="tests.test_pipeline_refine_integration" name="test_boundary_refinement_on_real_video" time="0.158" /><testcase classname="tests.test_refine_executor" name="test_scan_boundary_jobs_finds_fades" time="0.110" /><testcase classname="tests.test_refine_executor" name="test_serial_two_pass_matches_legacy" time="0.280" /><testcase classname="tests.test_refine_executor" name="test_parallel_matches_legacy" time="0.208" /><testcase classname="tests.test_refine_executor" name="test_parallel_ground_windows_use_predict_batch" time="0.181" /><testcase classname="tests.test_refine_executor" name="test_single_job_falls_back_to_sequential_path" time="0.161" /><testcase classname="tests.test_refine_executor" name="test_auto_refine_workers_caps" time="0.000" /><testcase classname="tests.test_refine_executor" name="test_scan_respects_refine_disable" time="0.000" /><testcase classname="tests.test_refine_executor" name="test_clip_window_job_fields" time="0.000" /><testcase classname="tests.test_refine_executor" name="test_auto_refine_workers_gpu_caps_at_two" time="0.000" /><testcase classname="tests.test_regression_fixes" name="test_parse_time_fraction_digits[00:00:01.5-1.5]" time="0.000" /><testcase classname="tests.test_regression_fixes" name="test_parse_time_fraction_digits[00:00:01.05-1.05]" time="0.000" /><testcase classname="tests.test_regression_fixes" name="test_parse_time_fraction_digits[00:00:01.500-1.5]" time="0.000" /><testcase classname="tests.test_regression_fixes" name="test_parse_time_fraction_digits[01:05.5-65.5]" time="0.000" /><testcase classname="tests.test_regression_fixes" name="test_parse_time_fraction_digits[1.5-1.5]" time="0.000" /><testcase classname="tests.test_regression_fixes" name="test_parse_time_fraction_digits[00:01:00-60.0]" time="0.000" /><testcase classname="tests.test_regression_fixes" name="test_parse_time_invalid_raises" time="0.000" /><testcase classname="tests.test_regression_fixes" name="test_format_time_rounding_carry" time="0.000" /><testcase classname="tests.test_regression_fixes" name="test_format_parse_roundtrip" time="0.000" /><testcase classname="tests.test_regression_fixes" name="test_get_roi_frame_number_mmss_string" time="0.000" /><testcase classname="tests.test_regression_fixes" name="test_get_roi_frame_number_fraction_digits" time="0.000" /><testcase classname="tests.test_regression_fixes" name="test_get_roi_frame_number_frame_key_wins" time="0.000" /><testcase classname="tests.test_regression_fixes" name="test_get_engine_init_failure_does_not_poison_singleton" time="0.000" /><testcase classname="tests.test_regression_fixes" name="test_compute_multi_font_score_bgr_regions_nonzero" time="0.002" /><testcase classname="tests.test_regression_fixes" name="test_extract_motion_features_uses_real_sample_span" time="0.007" /><testcase classname="tests.test_regression_fixes" name="test_build_sample_frame_list_keeps_tail" time="0.000" /><testcase classname="tests.test_regression_fixes" name="test_polish_discards_unvalidated_output" time="0.000" /><testcase classname="tests.test_regression_fixes" name="test_polish_applies_validated_output" time="0.000" /><testcase classname="tests.test_regression_fixes" name="test_post_chat_forwards_timeout" time="0.000" /><testcase classname="tests.test_review_fixes" name="test_sanitize_ass_body_escapes_braces" time="0.000" /><testcase classname="tests.test_review_fixes" name="test_sanitize_ass_body_strips_real_line_breaks" time="0.000" /><testcase classname="tests.test_review_fixes" name="test_sanitize_ass_body_keeps_ass_line_breaks" time="0.000" /><testcase classname="tests.test_review_fixes" name="test_format_time_truncates_to_stay_inside_frame_boundary" time="0.000" /><testcase classname="tests.test_review_fixes" name="test_format_time_fps_zero_does_not_crash" time="0.000" /><testcase classname="tests.test_review_fixes" name="test_get_roi_offset_clamps_negative_rect_origin" time="0.000" /><testcase classname="tests.test_review_fixes" name="test_get_roi_offset_poly_clamps_to_frame" time="0.000" /><testcase classname="tests.test_review_fixes" name="test_llm_assist_dedups_same_text" time="0.000" /><testcase classname="tests.test_review_fixes" name="test_multiline_bottom_join_uses_hard_break" time="0.000" /><testcase classname="tests.test_review_fixes_2" name="test_calibrate_wrap_around_hue_produces_second_pair" time="0.000" /><testcase classname="tests.test_review_fixes_2" name="test_calibrate_non_wrapped_hue_single_pair" time="0.000" /><testcase classname="tests.test_review_fixes_2" name="test_presence_ratio_or_second_pair" time="0.000" /><testcase classname="tests.test_review_fixes_2" name="test_circular_hue_mean" time="0.000" /><testcase classname="tests.test_review_fixes_2" name="test_detect_language_unknown_script_returns_en_not_jp" time="0.000" /><testcase classname="tests.test_review_fixes_2" name="test_detect_language_known_scripts" time="0.000" /><testcase classname="tests.test_review_fixes_2" name="test_format_time_millisecond_stamp_not_truncated_early" time="0.000" /><testcase classname="tests.test_review_fixes_2" name="test_aligner_insert_run_keeps_all_target_lines" time="0.000" /><testcase classname="tests.test_review_fixes_2" name="test_aligner_leading_source_extra_fills_empty" time="0.000" /><testcase classname="tests.test_review_fixes_2" name="test_aligner_docstring_example" time="0.000" /><testcase classname="tests.test_review_fixes_2" name="test_aligner_equal_lengths_always" time="0.000" /><testcase classname="tests.test_review_fixes_2" name="test_fuse_tie_votes_flagged_as_hard_line" time="0.000" /><testcase classname="tests.test_review_fixes_2" name="test_fuse_unanimous_two_observations_not_hard" time="0.000" /><testcase classname="tests.test_review_fixes_2" name="test_run_batch_returns_none_when_image_missing" time="0.001" /><testcase classname="tests.test_review_fixes_2" name="test_failed_imread_not_cached" time="0.000" /><testcase classname="tests.test_review_fixes_2" name="test_unwarp_canonical_rejects_degenerate_homography" time="0.000" /><testcase classname="tests.test_review_fixes_2" name="test_track_plane_total_zero_with_explicit_range" time="0.022" /><testcase classname="tests.test_roi_canvas_editing" name="test_rect_handle_points_cover_8_positions" time="0.000" /><testcase classname="tests.test_roi_canvas_editing" name="test_hit_rect_handle_within_radius" time="0.000" /><testcase classname="tests.test_roi_canvas_editing" name="test_hit_poly_vertex" time="0.000" /><testcase classname="tests.test_roi_canvas_editing" name="test_shape_contains_rect_and_poly" time="0.000" /><testcase classname="tests.test_roi_canvas_editing" name="test_clamp_move_delta_identity_inside_bounds" time="0.000" /><testcase classname="tests.test_roi_canvas_editing" name="test_rect_move_clamped_to_bounds" time="0.000" /><testcase classname="tests.test_roi_canvas_editing" name="test_poly_move_clamped_to_bounds" time="0.000" /><testcase classname="tests.test_roi_canvas_editing" name="test_rect_resize_left_edge_clamps_to_min_size" time="0.000" /><testcase classname="tests.test_roi_canvas_editing" name="test_rect_resize_left_edge_clamps_to_frame" time="0.000" /><testcase classname="tests.test_roi_canvas_editing" name="test_rect_resize_corner_moves_only_dragged_edges" time="0.000" /><testcase classname="tests.test_roi_canvas_editing" name="test_poly_vertex_move_clamped_and_input_untouched" time="0.000" /><testcase classname="tests.test_roi_pose_tags" name="test_compute_rect_pose_center_no_rotation" time="0.000" /><testcase classname="tests.test_roi_pose_tags" name="test_compute_poly_pose_falling_right_gives_negative_frz" time="0.000" /><testcase classname="tests.test_roi_pose_tags" name="test_compute_poly_pose_rising_right_gives_positive_frz" time="0.000" /><testcase classname="tests.test_roi_pose_tags" name="test_compute_poly_pose_invalid_points" time="0.000" /><testcase classname="tests.test_roi_pose_tags" name="test_pose_tags_written_for_bottom_subtitle" time="0.001" /><testcase classname="tests.test_roi_pose_tags" name="test_scene_lines_keep_own_pos_and_gain_rotation" time="0.001" /><testcase classname="tests.test_roi_pose_tags" name="test_zero_tilt_rect_pose_still_writes_rotation_tags" time="0.000" /><testcase classname="tests.test_roi_pose_tags" name="test_no_pose_tags_when_disabled" time="0.000" /><testcase classname="tests.test_roi_pose_tags" name="test_pose_toggle_writes_selected_roi_immediately" time="0.000" /><testcase classname="tests.test_roi_pose_tags" name="test_pose_toggle_poly_recomputes_tilt" time="0.000" /><testcase classname="tests.test_roi_pose_tags" name="test_pose_toggle_without_selection_is_noop" time="0.000" /><testcase classname="tests.test_roi_pose_tags" name="test_parse_pos_from_tags_accepts_float_positions" time="0.000" /><testcase classname="tests.test_roi_pose_tags" name="test_scene_merge_preserves_rotation_tags" time="0.000" /><testcase classname="tests.test_scene_plane_tracker" name="test_tracks_translation_trajectory" time="0.078" /><testcase classname="tests.test_scene_plane_tracker" name="test_handles_scale_and_rotation" time="0.058" /><testcase classname="tests.test_scene_plane_tracker" name="test_full_occlusion_marks_lost_then_reacquires" time="0.071" /><testcase classname="tests.test_scene_plane_tracker" name="test_noise_frames_never_produce_track" time="0.065" /><testcase classname="tests.test_scene_plane_tracker" name="test_trajectory_json_roundtrip" time="0.020" /><testcase classname="tests.test_scene_plane_tracker" name="test_unwarp_plane_restorts_card_view" time="0.001" /><testcase classname="tests.test_scene_plane_tracker" name="test_degenerate_and_flat_quads_rejected" time="0.001" /><testcase classname="tests.test_scene_plane_tracker" name="test_video_wrapper_tracks_same_trajectory" time="0.099" /><testcase classname="tests.test_scene_text_fusion" name="test_empty_anchor_rescued_by_later_samples" time="0.001" /><testcase classname="tests.test_scene_text_fusion" name="test_anchor_missing_middle_line_rescued" time="0.001" /><testcase classname="tests.test_scene_text_fusion" name="test_missing_observation_does_not_vote_negatively" time="0.001" /><testcase classname="tests.test_scene_text_fusion" name="test_disagreement_routes_ambiguous_line_to_vlm" time="0.000" /><testcase classname="tests.test_scene_text_fusion" name="test_no_geometry_falls_back_to_strict_index" time="0.000" /><testcase classname="tests.test_scene_text_fusion" name="test_representative_lines_align_by_position_on_count_tie" time="0.000" /><testcase classname="tests.test_scene_text_fusion" name="test_representative_lines_partial_frames_contribute_votes" time="0.000" /><testcase classname="tests.test_scene_text_fusion" name="test_scene_candidates_same_text_nearby_merge" time="0.000" /><testcase classname="tests.test_scene_text_fusion" name="test_scene_candidates_adjacent_same_text_merge" time="0.000" /><testcase classname="tests.test_scene_text_fusion" name="test_scene_candidates_different_text_not_merged" time="0.000" /><testcase classname="tests.test_scene_text_fusion" name="test_scene_candidates_same_text_far_apart_not_merged" time="0.000" /><testcase classname="tests.test_scene_text_fusion" name="test_fuse_samples_by_position_missing_observation_not_negative" time="0.000" /><testcase classname="tests.test_scene_text_fusion" name="test_fuse_samples_by_position_rescues_anchor_missing_line" time="0.000" /><testcase classname="tests.test_scene_text_fusion" name="test_optimizer_method_delegates_to_module_function" time="0.001" /><testcase classname="tests.test_scene_text_policy.TestSampleBackgroundColor" name="test_white_bg_black_text_near_white_low_std" time="0.001" /><testcase classname="tests.test_scene_text_policy.TestSampleBackgroundColor" name="test_colorful_background_high_std" time="0.001" /><testcase classname="tests.test_scene_text_policy.TestSampleBackgroundColor" name="test_uniform_dark_region_exact_color" time="0.000" /><testcase classname="tests.test_scene_text_policy.TestSampleBackgroundColor" name="test_ink_removed_from_std" time="0.000" /><testcase classname="tests.test_scene_text_policy.TestSampleBackgroundColor" name="test_box_clipped_to_image" time="0.000" /><testcase classname="tests.test_scene_text_policy.TestSampleBackgroundColor" name="test_empty_region_guard" time="0.000" /><testcase classname="tests.test_scene_text_policy.TestMergeLineBlocks" name="test_mail_layout_three_blocks" time="0.000" /><testcase classname="tests.test_scene_text_policy.TestMergeLineBlocks" name="test_unsorted_input_sorted_internally" time="0.000" /><testcase classname="tests.test_scene_text_policy.TestMergeLineBlocks" name="test_horizontal_disjoint_never_merged" time="0.000" /><testcase classname="tests.test_scene_text_policy.TestMergeLineBlocks" name="test_overlapping_y_merged" time="0.000" /><testcase classname="tests.test_scene_text_policy.TestFindWhitespaceBand" name="test_bottom_half_hit" time="0.000" /><testcase classname="tests.test_scene_text_policy.TestFindWhitespaceBand" name="test_full_plane_returns_none" time="0.000" /><testcase classname="tests.test_scene_text_policy.TestFindWhitespaceBand" name="test_occupied_boxes_block_rows" time="0.000" /><testcase classname="tests.test_scene_text_policy.TestFindWhitespaceBand" name="test_band_between_blocks" time="0.000" /><testcase classname="tests.test_scene_text_policy.TestFindWhitespaceBand" name="test_area_max_band_chosen" time="0.000" /><testcase classname="tests.test_scene_text_policy.TestWrapCjk" name="test_plain_cjk_wrap" time="0.000" /><testcase classname="tests.test_scene_text_policy.TestWrapCjk" name="test_kinsoku_forbidden_line_start" time="0.000" /><testcase classname="tests.test_scene_text_policy.TestWrapCjk" name="test_kinsoku_variants" time="0.000" /><testcase classname="tests.test_scene_text_policy.TestWrapCjk" name="test_ascii_words_not_broken" time="0.000" /><testcase classname="tests.test_scene_text_policy.TestWrapCjk" name="test_overlong_word_hard_split" time="0.001" /><testcase classname="tests.test_scene_text_policy.TestWrapCjk" name="test_empty_text" time="0.000" /><testcase classname="tests.test_scene_text_policy.TestFitFontSize" name="test_base_kept_when_fits" time="0.000" /><testcase classname="tests.test_scene_text_policy.TestFitFontSize" name="test_shrunk_by_height" time="0.000" /><testcase classname="tests.test_scene_text_policy.TestFitFontSize" name="test_shrunk_by_width" time="0.000" /><testcase classname="tests.test_scene_text_policy.TestFitFontSize" name="test_mid_value" time="0.000" /><testcase classname="tests.test_scene_text_policy.TestFitFontSize" name="test_custom_base_and_min" time="0.000" /><testcase classname="tests.test_scene_text_policy.TestApplyOverlap" name="test_events_returned_as_is" time="0.000" /><testcase classname="tests.test_scene_text_policy.TestApplyMask" name="test_mask_events_and_text_layer" time="0.002" /><testcase classname="tests.test_scene_text_policy.TestApplyMask" name="test_mask_color_tag_is_sampled" time="0.001" /><testcase classname="tests.test_scene_text_policy.TestApplyMask" name="test_mask_suppresses_style_outline" time="0.001" /><testcase classname="tests.test_scene_text_policy.TestApplyMask" name="test_mask_expands_to_rendered_text_width" time="0.001" /><testcase classname="tests.test_scene_text_policy.TestApplyMask" name="test_mask_covers_expanded_block_box" time="0.001" /><testcase classname="tests.test_scene_text_policy.TestApplyMask" name="test_mask_move_tracks_top_left_corner" time="0.001" /><testcase classname="tests.test_scene_text_policy.TestApplyMask" name="test_noisy_background_falls_back_to_external" time="0.001" /><testcase classname="tests.test_scene_text_policy.TestApplyMask" name="test_mask_follows_punct_compensation" time="0.001" /><testcase classname="tests.test_scene_text_policy.TestApplyExternal" name="test_overlapping_blocks_merge_single_event" time="0.000" /><testcase classname="tests.test_scene_text_policy.TestApplyExternal" name="test_disjoint_time_spans_not_merged" time="0.000" /><testcase classname="tests.test_scene_text_policy.TestApplyExternal" name="test_too_many_rows_shrink_font" time="0.000" /><testcase classname="tests.test_scene_text_policy.TestApplyExternal" name="test_top_position" time="0.000" /><testcase classname="tests.test_scene_text_policy.TestApplyExternal" name="test_wrap_long_line_by_screen_width" time="0.000" /><testcase classname="tests.test_scene_text_policy.TestApplyWhitespace" name="test_text_lands_in_band_and_follows_track" time="0.001" /><testcase classname="tests.test_scene_text_policy.TestApplyWhitespace" name="test_wrapped_rows_increase_line_count" time="0.002" /><testcase classname="tests.test_scene_text_policy.TestApplyWhitespace" name="test_no_band_falls_back_to_mask" time="0.001" /><testcase classname="tests.test_scene_text_policy.TestApplyWhitespace" name="test_full_chain_whitespace_mask_external" time="0.001" /><testcase classname="tests.test_scene_text_policy.TestApplyWhitespace" name="test_unknown_mode_raises" time="0.000" /><testcase classname="tests.test_scene_text_policy.TestWhitespaceTrackReuse" name="test_matches_direct_build_line_tracks" time="0.002" /><testcase classname="tests.test_scene_text_policy.TestBrightnessBaseColor" name="test_base_color_scales_channels_no_alpha" time="0.000" /><testcase classname="tests.test_scene_text_policy.TestBrightnessBaseColor" name="test_base_color_dark_start" time="0.000" /><testcase classname="tests.test_scene_text_policy.TestBrightnessBaseColor" name="test_default_gray_behavior_unchanged" time="0.000" /><testcase classname="tests.test_scene_text_policy.TestBrightnessBaseColor" name="test_base_color_respects_use_color_off" time="0.000" /><testcase classname="tests.test_scene_text_policy.TestApplyPolicyStatic" name="test_overlap_returns_empty_specs" time="0.000" /><testcase classname="tests.test_scene_text_policy.TestApplyPolicyStatic" name="test_mask_static_rect_and_text_layers" time="0.001" /><testcase classname="tests.test_scene_text_policy.TestApplyPolicyStatic" name="test_mask_box_top_left_matches_expanded_block" time="0.000" /><testcase classname="tests.test_scene_text_policy.TestApplyPolicyStatic" name="test_noisy_background_falls_back_to_external" time="0.001" /><testcase classname="tests.test_scene_text_policy.TestApplyPolicyStatic" name="test_external_single_note_spec" time="0.000" /><testcase classname="tests.test_scene_text_policy.TestApplyPolicyStatic" name="test_whitespace_spec_lands_in_band" time="0.000" /><testcase classname="tests.test_scene_text_policy.TestApplyPolicyStatic" name="test_whitespace_no_band_falls_back_to_mask" time="0.001" /><testcase classname="tests.test_scene_text_policy.TestApplyPolicyStatic" name="test_row_indices_follow_input_order" time="0.001" /><testcase classname="tests.test_scene_text_policy.TestApplyPolicyStatic" name="test_base_font_size_controls_fit" time="0.000" /><testcase classname="tests.test_scene_text_policy.TestApplyPolicyStatic" name="test_empty_rows_no_crash" time="0.000" /><testcase classname="tests.test_scene_text_policy_gui" name="test_mask_policy_replaces_scene_events" time="0.101" /><testcase classname="tests.test_scene_text_policy_gui" name="test_mask_policy_falls_back_to_external_when_text_moves" time="0.098" /><testcase classname="tests.test_scene_text_policy_gui" name="test_external_policy_single_notebox_event" time="0.100" /><testcase classname="tests.test_scene_text_policy_gui" name="test_whitespace_policy_places_text_in_band" time="0.101" /><testcase classname="tests.test_scene_text_policy_gui" name="test_missing_analysis_rect_falls_back_to_overlap" time="0.033" /><testcase classname="tests.test_scene_text_policy_gui" name="test_unreadable_video_falls_back_to_overlap" time="0.001" /><testcase classname="tests.test_scene_text_policy_gui" name="test_overlap_policy_output_identical_to_default" time="0.033" /><testcase classname="tests.test_scene_text_policy_gui" name="test_non_scene_groups_unaffected_by_policy" time="0.033" /><testcase classname="tests.test_scene_text_policy_gui" name="test_policy_events_exempt_from_filter_and_merge" time="0.000" /><testcase classname="tests.test_scene_text_policy_gui" name="test_notebox_style_only_with_active_policy" time="0.001" /><testcase classname="tests.test_scene_text_policy_gui.TestCollectRoiSceneTextOptions" name="test_rect_and_poly_bounding_boxes" time="0.000" /><testcase classname="tests.test_scene_text_policy_gui.TestCollectRoiSceneTextOptions" name="test_overlap_and_missing_not_collected_as_policies" time="0.000" /><testcase classname="tests.test_scene_text_policy_gui.TestCollectRoiSceneTextOptions" name="test_empty_and_invalid_inputs" time="0.000" /><testcase classname="tests.test_scene_text_policy_gui.TestCollectRoiSceneTextOptions" name="test_merge_rois_takes_first_non_overlap_with_warning" time="0.000" /><testcase classname="tests.test_scene_text_policy_gui.TestCollectRoiSceneTextOptions" name="test_merge_rois_single_policy_no_warning" time="0.000" /><testcase classname="tests.test_scene_text_policy_gui" name="test_policy_combo_options_and_default" time="0.002" /><testcase classname="tests.test_scene_text_policy_gui" name="test_policy_combo_backfill_from_roi" time="0.002" /><testcase classname="tests.test_scene_text_policy_gui" name="test_roi_entry_assembly_carries_policy" time="0.001" /><testcase classname="tests.test_scene_text_policy_gui" name="test_selected_roi_backfills_combo_and_update_roundtrip" time="0.001" /><testcase classname="tests.test_screen_luma" name="test_curve_levels_ordered_by_frame_num" time="0.024" /><testcase classname="tests.test_screen_luma" name="test_lost_frames_skipped" time="0.019" /><testcase classname="tests.test_screen_luma" name="test_no_ok_frames_returns_empty" time="0.004" /><testcase classname="tests.test_screen_luma" name="test_unopenable_video_raises_runtimeerror" time="0.000" /><testcase classname="tests.test_screen_luma" name="test_all_black_baseline_degenerates_to_ones" time="0.006" /><testcase classname="tests.test_screen_luma" name="test_ratio_clipped_to_one" time="0.022" /><testcase classname="tests.test_screen_luma" name="test_median_robust_to_local_highlights" time="0.013" /><testcase classname="tests.test_screen_luma" name="test_quad_outside_frame_clipped" time="0.015" /><testcase classname="tests.test_screen_luma" name="test_frame_nums_not_starting_at_zero" time="0.012" /><testcase classname="tests.test_screen_luma" name="test_per_line_partial_dim_follows_local_luma" time="0.024" /><testcase classname="tests.test_screen_luma" name="test_per_line_lost_ref_reanchored_to_nearest_ok" time="0.011" /><testcase classname="tests.test_screen_luma" name="test_per_line_no_ok_frames_returns_empty_curves" time="0.002" /><testcase classname="tests.test_screen_luma" name="test_per_line_box_outside_frame_has_no_samples" time="0.009" /><testcase classname="tests.test_screen_luma" name="test_per_line_unopenable_video_raises_runtimeerror" time="0.000" /><testcase classname="tests.test_secret_store" name="test_local_backend_roundtrip" time="0.012" /><testcase classname="tests.test_secret_store" name="test_stored_value_is_not_plaintext" time="0.020" /><testcase classname="tests.test_secret_store" name="test_master_key_file_permissions" time="0.020" /><testcase classname="tests.test_secret_store" name="test_tampered_ciphertext_is_rejected" time="0.031" /><testcase classname="tests.test_secret_store" name="test_delete_secret_removes_everything" time="0.030" /><testcase classname="tests.test_secret_store" name="test_save_empty_deletes" time="0.021" /><testcase classname="tests.test_secret_store" name="test_keyring_backend_preferred" time="0.001" /><testcase classname="tests.test_secret_store" name="test_keyring_failure_falls_back_to_local" time="0.011" /><testcase classname="tests.test_secret_store" name="test_save_and_load_llm_key_via_secret_store" time="0.040" /><testcase classname="tests.test_secret_store" name="test_legacy_plaintext_key_is_migrated_and_scrubbed" time="0.041" /><testcase classname="tests.test_secret_store" name="test_save_llm_scrubs_leftover_plaintext" time="0.061" /><testcase classname="tests.test_source_classifier_visual_gate" name="test_unmeasured_visual_layer_keeps_dialogue_overlay" time="0.000" /><testcase classname="tests.test_source_classifier_visual_gate" name="test_unmeasured_visual_layer_renormalizes_weights" time="0.000" /><testcase classname="tests.test_source_classifier_visual_gate" name="test_measured_visual_layer_still_penalizes_blur" time="0.000" /><testcase classname="tests.test_source_classifier_visual_gate" name="test_scene_bias_survives_visual_exclusion" time="0.000" /><testcase classname="tests.test_subtitle_roi_suggester" name="test_basic_clustering_and_roi_structure" time="0.168" /><testcase classname="tests.test_subtitle_roi_suggester" name="test_sample_indices_cover_first_and_last_frame" time="0.178" /><testcase classname="tests.test_subtitle_roi_suggester" name="test_sample_count_above_frame_count_clamps" time="0.810" /><testcase classname="tests.test_subtitle_roi_suggester" name="test_bottom_ratio_filters_top_lines" time="0.172" /><testcase classname="tests.test_subtitle_roi_suggester" name="test_min_text_score_filters_low_confidence_lines" time="0.170" /><testcase classname="tests.test_subtitle_roi_suggester" name="test_high_min_text_score_rejects_normal_subtitle" time="0.168" /><testcase classname="tests.test_subtitle_roi_suggester" name="test_gap_in_subtitles_splits_segments" time="0.173" /><testcase classname="tests.test_subtitle_roi_suggester" name="test_failed_ocr_frame_treated_as_no_subtitle" time="0.170" /><testcase classname="tests.test_subtitle_roi_suggester" name="test_progress_cb_called_per_sample_frame" time="0.166" /><testcase classname="tests.test_subtitle_roi_suggester" name="test_missing_video_returns_empty_list" time="0.001" /><testcase classname="tests.test_subtitle_roi_suggester" name="test_real_video_suggests_bottom_rois_matching_gt" time="0.000"><skipped type="pytest.skip" message="real OCR test">/home/hope/Tools/video_subtitle_ocr/video_subtitle_ocr/tests/test_subtitle_roi_suggester.py:350: real OCR test</skipped></testcase><testcase classname="tests.test_subtitle_roi_suggester" name="test_quad_of_line_prefers_poly_and_falls_back_to_bbox" time="0.000" /><testcase classname="tests.test_subtitle_roi_suggester" name="test_axis_aligned_cluster_returns_none" time="0.000" /><testcase classname="tests.test_subtitle_roi_suggester" name="test_small_tilt_within_threshold_returns_none" time="0.000" /><testcase classname="tests.test_subtitle_roi_suggester" name="test_tilted_cluster_returns_padded_rotated_poly" time="0.000" /><testcase classname="tests.test_subtitle_roi_suggester" name="test_segment_to_roi_entry_rect_for_axis_aligned_hits" time="0.000" /><testcase classname="tests.test_subtitle_roi_suggester" name="test_segment_to_roi_entry_poly_for_tilted_hits" time="0.000" /><testcase classname="tests.test_subtitle_roi_suggester" name="test_horizontal_lines_drift_positions_return_none" time="0.000" /><testcase classname="tests.test_subtitle_roi_suggester" name="test_tilt_minority_among_horizontal_returns_none" time="0.000" /><testcase classname="tests.test_subtitle_roi_suggester" name="test_inconsistent_tilt_directions_return_none" time="0.000" /><testcase classname="tests.test_subtitle_roi_suggester" name="test_majority_tilted_ignores_horizontal_outlier" time="0.000" /><testcase classname="tests.test_text_filter_policy" name="test_keep_all_roi_survives_aggressive_filter" time="0.001" /><testcase classname="tests.test_text_filter_policy" name="test_filter_disabled_keeps_everything" time="0.000" /><testcase classname="tests.test_text_filter_policy" name="test_unknown_roi_defaults_to_keep_all" time="0.000" /><testcase classname="tests.test_text_filter_policy" name="test_temporal_stats_fill_real_values" time="0.000" /><testcase classname="tests.test_text_filter_policy" name="test_watermark_filter_drops_lines_regardless_of_policy" time="0.000" /><testcase classname="tests.test_text_filter_policy" name="test_watermark_filter_removes_empty_frames" time="0.000" /><testcase classname="tests.test_verify_motion_ass.TestBrightCentroid" name="test_single_bright_pixel" time="0.000" /><testcase classname="tests.test_verify_motion_ass.TestBrightCentroid" name="test_symmetric_rectangle" time="0.000" /><testcase classname="tests.test_verify_motion_ass.TestBrightCentroid" name="test_asymmetric_blob_known_centroid" time="0.000" /><testcase classname="tests.test_verify_motion_ass.TestBrightCentroid" name="test_thresh_boundary_exclusive" time="0.000" /><testcase classname="tests.test_verify_motion_ass.TestBrightCentroid" name="test_all_black_returns_none" time="0.000" /><testcase classname="tests.test_verify_motion_ass.TestBrightCentroid" name="test_all_below_threshold_returns_none" time="0.000" /><testcase classname="tests.test_verify_motion_ass.TestDeviationStats" name="test_odd_count" time="0.000" /><testcase classname="tests.test_verify_motion_ass.TestDeviationStats" name="test_even_count_median_is_mean_of_middle_two" time="0.000" /><testcase classname="tests.test_verify_motion_ass.TestDeviationStats" name="test_p95_linear_interpolation" time="0.000" /><testcase classname="tests.test_verify_motion_ass.TestDeviationStats" name="test_p95_single_value" time="0.000" /><testcase classname="tests.test_verify_motion_ass.TestDeviationStats" name="test_max" time="0.000" /><testcase classname="tests.test_verify_motion_ass.TestDeviationStats" name="test_keys" time="0.000" /><testcase classname="tests.test_verify_motion_ass.TestDeviationStats" name="test_empty_raises" time="0.000" /><testcase classname="tests.test_verify_motion_ass.TestLoadExpectJson" name="test_round_trip_full_format" time="0.001" /><testcase classname="tests.test_verify_motion_ass.TestLoadExpectJson" name="test_missing_weight_defaults_to_one" time="0.000" /><testcase classname="tests.test_verify_motion_ass.TestLoadExpectJson" name="test_missing_frames_key_raises" time="0.000" /><testcase classname="tests.test_verify_motion_ass.TestLoadExpectJson" name="test_missing_header_fields_raise" time="0.000" /><testcase classname="tests.test_verify_motion_ass.TestLoadExpectJson" name="test_empty_points_raise" time="0.000" /><testcase classname="tests.test_verify_motion_ass.TestLoadExpectJson" name="test_non_dict_payload_raises" time="0.000" /><testcase classname="tests.test_verify_motion_ass.TestWeightedMeanAndDeviation" name="test_single_point" time="0.000" /><testcase classname="tests.test_verify_motion_ass.TestWeightedMeanAndDeviation" name="test_weighted_mean" time="0.000" /><testcase classname="tests.test_verify_motion_ass.TestWeightedMeanAndDeviation" name="test_zero_total_weight_falls_back_to_plain_mean" time="0.000" /><testcase classname="tests.test_verify_motion_ass.TestWeightedMeanAndDeviation" name="test_empty_points_raise" time="0.000" /><testcase classname="tests.test_verify_motion_ass.TestWeightedMeanAndDeviation" name="test_point_distance_euclidean" time="0.000" /><testcase classname="tests.test_verify_motion_ass.TestWeightedMeanAndDeviation" name="test_frame_deviation_from_synthetic_image" time="0.000" /><testcase classname="tests.test_verify_motion_ass.TestSamplingAndHelpers" name="test_sample_all_when_count_ge_available" time="0.000" /><testcase classname="tests.test_verify_motion_ass.TestSamplingAndHelpers" name="test_sample_uniform_deterministic_sorted" time="0.000" /><testcase classname="tests.test_verify_motion_ass.TestSamplingAndHelpers" name="test_sample_single_picks_middle" time="0.000" /><testcase classname="tests.test_verify_motion_ass.TestSamplingAndHelpers" name="test_sample_empty_raises" time="0.000" /><testcase classname="tests.test_verify_motion_ass.TestSamplingAndHelpers" name="test_expand_retry_cmd_replaces_placeholder" time="0.000" /><testcase classname="tests.test_verify_motion_ass.TestSamplingAndHelpers" name="test_expand_retry_cmd_no_placeholder_unchanged" time="0.000" /><testcase classname="tests.test_verify_motion_ass.TestSamplingAndHelpers" name="test_budget_exceeded" time="0.000" /><testcase classname="tests.test_verify_motion_ass.TestSamplingAndHelpers" name="test_assess_pass_requires_no_missing_frames" time="0.000" /><testcase classname="tests.test_verify_motion_ass.TestCliFfmpegMissing" name="test_exit_code_3_without_ffmpeg" time="0.001" /><testcase classname="tests.test_verify_motion_ass.TestCliFfmpegMissing" name="test_exit_code_3_on_bad_expect_json" time="0.001" /><testcase classname="tests.test_verify_motion_ass.TestFfmpegSmoke" name="test_single_event_centroid_near_expected" time="0.066" /><testcase classname="tests.test_verify_motion_ass.TestFfmpegSmoke" name="test_over_budget_exit_2_and_retry_cmd_runs" time="0.137" /><testcase classname="tests.test_verify_motion_ass.TestFfmpegSmoke" name="test_over_budget_without_retry_exits_2" time="0.073" /><testcase classname="tests.test_vlm_refine" name="test_is_configured_requires_both_env_vars" time="0.000" /><testcase classname="tests.test_vlm_refine" name="test_refine_returns_parsed_list_and_builds_vision_request" time="0.000" /><testcase classname="tests.test_vlm_refine" name="test_refine_uses_model_env_override" time="0.001" /><testcase classname="tests.test_vlm_refine" name="test_refine_parses_json_code_fence" time="0.000" /><testcase classname="tests.test_vlm_refine" name="test_refine_repairs_broken_json_via_json_repair" time="0.000" /><testcase classname="tests.test_vlm_refine" name="test_refine_strips_whitespace_from_items" time="0.000" /><testcase classname="tests.test_vlm_refine" name="test_refine_empty_inputs_return_none_without_calling_llm" time="0.000" /><testcase classname="tests.test_vlm_refine" name="test_refine_garbage_response_returns_none" time="0.000" /><testcase classname="tests.test_vlm_refine" name="test_refine_length_mismatch_returns_none" time="0.000" /><testcase classname="tests.test_vlm_refine" name="test_refine_non_string_or_empty_items_return_none" time="0.000" /><testcase classname="tests.test_vlm_refine" name="test_refine_call_llm_exception_returns_none" time="0.001" /><testcase classname="tests.test_vlm_refine" name="test_refine_undecodable_image_returns_none" time="0.000" /><testcase classname="tests.test_vlm_refine" name="test_hard_frame_low_votes_triggers_refine_and_replaces_text" time="0.001" /><testcase classname="tests.test_vlm_refine" name="test_hard_frame_low_confidence_triggers_refine" time="0.004" /><testcase classname="tests.test_vlm_refine" name="test_confident_majority_frame_does_not_refine" time="0.003" /><testcase classname="tests.test_vlm_refine" name="test_refine_exception_does_not_break_main_flow" time="0.001" /><testcase classname="tests.test_vlm_refine" name="test_refine_none_result_keeps_voting_result" time="0.001" /><testcase classname="tests.test_vlm_refine" name="test_refine_not_called_when_not_configured" time="0.003" /><testcase classname="tests.test_vlm_refine" name="test_refine_not_called_when_explicitly_disabled" time="0.003" /><testcase classname="tests.test_watermark_filter" name="test_disabled_or_empty_config_returns_none" time="0.000" /><testcase classname="tests.test_watermark_filter" name="test_exact_text_match_drops_line" time="0.000" /><testcase classname="tests.test_watermark_filter" name="test_normalization_tolerates_spaces_and_case" time="0.000" /><testcase classname="tests.test_watermark_filter" name="test_substring_match_requires_min_length" time="0.000" /><testcase classname="tests.test_watermark_filter" name="test_normal_subtitle_text_survives" time="0.000" /><testcase classname="tests.test_watermark_filter" name="test_box_center_containment_drops_line" time="0.000" /><testcase classname="tests.test_watermark_filter" name="test_invalid_entries_are_ignored" time="0.001" /></testsuite></testsuites>